#
# There is insufficient memory for the Java Runtime Environment to continue.
# Native memory allocation (malloc) failed to allocate 1058096 bytes for Chunk::new
# Possible reasons:
#   The system is out of physical RAM or swap space
#   The process is running with CompressedOops enabled, and the Java Heap may be blocking the growth of the native heap
# Possible solutions:
#   Reduce memory load on the system
#   Increase physical memory or swap space
#   Check if swap backing store is full
#   Decrease Java heap size (-Xmx/-Xms)
#   Decrease number of Java threads
#   Decrease Java thread stack sizes (-Xss)
#   Set larger code cache with -XX:ReservedCodeCacheSize=
#   JVM is running with Unscaled Compressed Oops mode in which the Java heap is
#     placed in the first 4GB address space. The Java Heap base address is the
#     maximum limit for the native heap growth. Please use -XX:HeapBaseMinAddress
#     to set the Java Heap base and to place the Java Heap above 4GB virtual address.
# This output file may be truncated or incomplete.
#
#  Out of Memory Error (arena.cpp:189), pid=16516, tid=11044
#
# JRE version: Java(TM) SE Runtime Environment (17.0.12+8) (build 17.0.12+8-LTS-286)
# Java VM: Java HotSpot(TM) 64-Bit Server VM (17.0.12+8-LTS-286, mixed mode, sharing, tiered, compressed oops, compressed class ptrs, g1 gc, windows-amd64)
# No core dump will be written. Minidumps are not enabled by default on client versions of Windows
#

---------------  S U M M A R Y ------------

Command Line: --add-opens=java.base/java.lang=ALL-UNNAMED --add-opens=java.base/java.lang.invoke=ALL-UNNAMED --add-opens=java.base/java.util=ALL-UNNAMED --add-opens=java.prefs/java.util.prefs=ALL-UNNAMED --add-exports=jdk.compiler/com.sun.tools.javac.api=ALL-UNNAMED --add-exports=jdk.compiler/com.sun.tools.javac.util=ALL-UNNAMED --add-opens=java.base/java.util=ALL-UNNAMED --add-opens=java.prefs/java.util.prefs=ALL-UNNAMED --add-opens=java.base/java.nio.charset=ALL-UNNAMED --add-opens=java.base/java.net=ALL-UNNAMED --add-opens=java.base/java.util.concurrent.atomic=ALL-UNNAMED --add-opens=java.xml/javax.xml.namespace=ALL-UNNAMED -XX:MaxMetaspaceSize=512m -Xmx2048m -Dfile.encoding=UTF-8 -Duser.country=US -Duser.language=en -Duser.variant -javaagent:C:\Users\speed\.gradle\wrapper\dists\gradle-8.13-bin\5xuhj0ry160q40clulazy9h7d\gradle-8.13\lib\agents\gradle-instrumentation-agent-8.13.jar org.gradle.launcher.daemon.bootstrap.GradleDaemon 8.13

Host: 12th Gen Intel(R) Core(TM) i5-1235U, 12 cores, 7G,  Windows 11 , 64 bit Build 22621 (10.0.22621.5415)
Time: Mon Sep 29 11:34:39 2025 Central Daylight Time elapsed time: 198.972469 seconds (0d 0h 3m 18s)

---------------  T H R E A D  ---------------

Current thread (0x000001eb025dddf0):  JavaThread "C2 CompilerThread0" daemon [_thread_in_native, id=11044, stack(0x000000ce82400000,0x000000ce82500000)]


Current CompileTask:
C2: 198973 11790       4       org.gradle.internal.instantiation.generator.AbstractClassGenerator::inspectType (602 bytes)

Stack: [0x000000ce82400000,0x000000ce82500000]
Native frames: (J=compiled Java code, j=interpreted, Vv=VM code, C=native code)
V  [jvm.dll+0x67a04a]
V  [jvm.dll+0x7da4ed]
V  [jvm.dll+0x7dbe33]
V  [jvm.dll+0x7dc4a3]
V  [jvm.dll+0x24508f]
V  [jvm.dll+0xab773]
V  [jvm.dll+0xabd3c]
V  [jvm.dll+0x2aa52f]
V  [jvm.dll+0x581eb9]
V  [jvm.dll+0x21f422]
V  [jvm.dll+0x21856c]
V  [jvm.dll+0x215b65]
V  [jvm.dll+0x1a2960]
V  [jvm.dll+0x22610b]
V  [jvm.dll+0x2242ab]
V  [jvm.dll+0x79075c]
V  [jvm.dll+0x78abea]
V  [jvm.dll+0x678f35]
C  [ucrtbase.dll+0x29333]
C  [KERNEL32.DLL+0x1259d]
C  [ntdll.dll+0x5af78]


---------------  P R O C E S S  ---------------

Threads class SMR info:
_java_thread_list=0x000001eb25260dd0, length=132, elements={
0x000001eb63f1a400, 0x000001eb025c5430, 0x000001eb025c62b0, 0x000001eb025d7610,
0x000001eb025d8490, 0x000001eb025da060, 0x000001eb025dce40, 0x000001eb025dddf0,
0x000001eb025f0b50, 0x000001eb025f3890, 0x000001eb0280dba0, 0x000001eb02966a90,
0x000001eb229dd140, 0x000001eb23db1510, 0x000001eb23336310, 0x000001eb23dd8a90,
0x000001eb23dd8f70, 0x000001eb23f8c1c0, 0x000001eb23f8cbe0, 0x000001eb23f8db10,
0x000001eb23f8d0f0, 0x000001eb23f8d600, 0x000001eb23f8b290, 0x000001eb23f8b7a0,
0x000001eb23f8c6d0, 0x000001eb23f8a870, 0x000001eb23f8ad80, 0x000001eb23f8a360,
0x000001eb02a33300, 0x000001eb02a2cdc0, 0x000001eb02a2f640, 0x000001eb02a2e710,
0x000001eb02a2ec20, 0x000001eb02a32df0, 0x000001eb02a2fb50, 0x000001eb02a328e0,
0x000001eb02a33d20, 0x000001eb02a30f90, 0x000001eb02a30570, 0x000001eb02a31ec0,
0x000001eb02a2f130, 0x000001eb02a30060, 0x000001eb02a2d7e0, 0x000001eb02a2dcf0,
0x000001eb234a6ec0, 0x000001eb234a5f90, 0x000001eb234a5a80, 0x000001eb234a73d0,
0x000001eb234a78e0, 0x000001eb234a8810, 0x000001eb234a7df0, 0x000001eb234a8300,
0x000001eb234a5060, 0x000001eb234a5570, 0x000001eb26eb4700, 0x000001eb26eb2db0,
0x000001eb26eb28a0, 0x000001eb26eb5630, 0x000001eb26eb5b40, 0x000001eb26eb32c0,
0x000001eb26eb41f0, 0x000001eb26eb37d0, 0x000001eb26eb5120, 0x000001eb26eb2390,
0x000001eb26eb3ce0, 0x000001eb26eb4c10, 0x000001eb02a2c8b0, 0x000001eb02a34230,
0x000001eb02a2d2d0, 0x000001eb259dff90, 0x000001eb259e2810, 0x000001eb259df060,
0x000001eb259df570, 0x000001eb259e1df0, 0x000001eb259e0ec0, 0x000001eb259dfa80,
0x000001eb259e04a0, 0x000001eb259e18e0, 0x000001eb259e09b0, 0x000001eb259e2300,
0x000001eb259e13d0, 0x000001eb233613b0, 0x000001eb23364b60, 0x000001eb23363210,
0x000001eb2335f550, 0x000001eb2335ff70, 0x000001eb23361dd0, 0x000001eb23360ea0,
0x000001eb233618c0, 0x000001eb2335e110, 0x000001eb233622e0, 0x000001eb23365a90,
0x000001eb23365070, 0x000001eb233627f0, 0x000001eb23362d00, 0x000001eb23363720,
0x000001eb23365580, 0x000001eb2335eb30, 0x000001eb2335f040, 0x000001eb02a2e200,
0x000001eb02a9e5c0, 0x000001eb02a999d0, 0x000001eb02a9f4f0, 0x000001eb02aa0930,
0x000001eb02a994c0, 0x000001eb02a9a3f0, 0x000001eb02aa0e40, 0x000001eb02a9d690,
0x000001eb02a9ff10, 0x000001eb02a9cc70, 0x000001eb02a9ead0, 0x000001eb02a9efe0,
0x000001eb02a9d180, 0x000001eb02a99ee0, 0x000001eb02a9a900, 0x000001eb02a9ae10,
0x000001eb02a9c250, 0x000001eb02aa0420, 0x000001eb02a9dba0, 0x000001eb02a9b320,
0x000001eb2696ca90, 0x000001eb2696c070, 0x000001eb2696c580, 0x000001eb2696cfa0,
0x000001eb2696e8f0, 0x000001eb2696f310, 0x000001eb2696f820, 0x000001eb2696d4b0,
0x000001eb2696d9c0, 0x000001eb2696ded0, 0x000001eb2696ee00, 0x000001eb266d3090
}

Java Threads: ( => current thread )
  0x000001eb63f1a400 JavaThread "main" [_thread_blocked, id=23236, stack(0x000000ce81700000,0x000000ce81800000)]
  0x000001eb025c5430 JavaThread "Reference Handler" daemon [_thread_blocked, id=6160, stack(0x000000ce81e00000,0x000000ce81f00000)]
  0x000001eb025c62b0 JavaThread "Finalizer" daemon [_thread_blocked, id=28008, stack(0x000000ce81f00000,0x000000ce82000000)]
  0x000001eb025d7610 JavaThread "Signal Dispatcher" daemon [_thread_blocked, id=10908, stack(0x000000ce82000000,0x000000ce82100000)]
  0x000001eb025d8490 JavaThread "Attach Listener" daemon [_thread_blocked, id=14360, stack(0x000000ce82100000,0x000000ce82200000)]
  0x000001eb025da060 JavaThread "Service Thread" daemon [_thread_blocked, id=29404, stack(0x000000ce82200000,0x000000ce82300000)]
  0x000001eb025dce40 JavaThread "Monitor Deflation Thread" daemon [_thread_blocked, id=12356, stack(0x000000ce82300000,0x000000ce82400000)]
=>0x000001eb025dddf0 JavaThread "C2 CompilerThread0" daemon [_thread_in_native, id=11044, stack(0x000000ce82400000,0x000000ce82500000)]
  0x000001eb025f0b50 JavaThread "C1 CompilerThread0" daemon [_thread_blocked, id=30800, stack(0x000000ce82500000,0x000000ce82600000)]
  0x000001eb025f3890 JavaThread "Sweeper thread" daemon [_thread_blocked, id=18876, stack(0x000000ce82600000,0x000000ce82700000)]
  0x000001eb0280dba0 JavaThread "Common-Cleaner" daemon [_thread_blocked, id=25504, stack(0x000000ce82700000,0x000000ce82800000)]
  0x000001eb02966a90 JavaThread "Notification Thread" daemon [_thread_blocked, id=30548, stack(0x000000ce82800000,0x000000ce82900000)]
  0x000001eb229dd140 JavaThread "Daemon health stats" [_thread_blocked, id=11164, stack(0x000000ce82f00000,0x000000ce83000000)]
  0x000001eb23db1510 JavaThread "Incoming local TCP Connector on port 51214" [_thread_in_native, id=15320, stack(0x000000ce82a00000,0x000000ce82b00000)]
  0x000001eb23336310 JavaThread "Daemon periodic checks" [_thread_blocked, id=29812, stack(0x000000ce83000000,0x000000ce83100000)]
  0x000001eb23dd8a90 JavaThread "Daemon" [_thread_blocked, id=16332, stack(0x000000ce83100000,0x000000ce83200000)]
  0x000001eb23dd8f70 JavaThread "Handler for socket connection from /127.0.0.1:51214 to /127.0.0.1:51215" [_thread_in_native, id=20876, stack(0x000000ce83200000,0x000000ce83300000)]
  0x000001eb23f8c1c0 JavaThread "Cancel handler" [_thread_blocked, id=23756, stack(0x000000ce83300000,0x000000ce83400000)]
  0x000001eb23f8cbe0 JavaThread "Daemon worker" [_thread_in_native, id=31180, stack(0x000000ce83400000,0x000000ce83500000)]
  0x000001eb23f8db10 JavaThread "Asynchronous log dispatcher for DefaultDaemonConnection: socket connection from /127.0.0.1:51214 to /127.0.0.1:51215" [_thread_blocked, id=2448, stack(0x000000ce83500000,0x000000ce83600000)]
  0x000001eb23f8d0f0 JavaThread "Stdin handler" [_thread_blocked, id=16660, stack(0x000000ce83600000,0x000000ce83700000)]
  0x000001eb23f8d600 JavaThread "Daemon client event forwarder" [_thread_blocked, id=12212, stack(0x000000ce83700000,0x000000ce83800000)]
  0x000001eb23f8b290 JavaThread "Cache worker for journal cache (C:\Users\speed\.gradle\caches\journal-1)" [_thread_blocked, id=3288, stack(0x000000ce83900000,0x000000ce83a00000)]
  0x000001eb23f8b7a0 JavaThread "File lock request listener" [_thread_in_native, id=8312, stack(0x000000ce83a00000,0x000000ce83b00000)]
  0x000001eb23f8c6d0 JavaThread "Cache worker for file hash cache (C:\Users\speed\.gradle\caches\8.13\fileHashes)" [_thread_blocked, id=20400, stack(0x000000ce83b00000,0x000000ce83c00000)]
  0x000001eb23f8a870 JavaThread "Cache worker for file hash cache (D:\TempAppWorking\android\.gradle\8.13\fileHashes)" [_thread_blocked, id=8956, stack(0x000000ce84100000,0x000000ce84200000)]
  0x000001eb23f8ad80 JavaThread "Cache worker for Build Output Cleanup Cache (D:\TempAppWorking\android\.gradle\buildOutputCleanup)" [_thread_blocked, id=26872, stack(0x000000ce84200000,0x000000ce84300000)]
  0x000001eb23f8a360 JavaThread "File watcher server" daemon [_thread_in_native, id=20676, stack(0x000000ce84500000,0x000000ce84600000)]
  0x000001eb02a33300 JavaThread "File watcher consumer" daemon [_thread_blocked, id=25248, stack(0x000000ce84600000,0x000000ce84700000)]
  0x000001eb02a2cdc0 JavaThread "jar transforms" [_thread_blocked, id=21844, stack(0x000000ce84700000,0x000000ce84800000)]
  0x000001eb02a2f640 JavaThread "jar transforms Thread 2" [_thread_blocked, id=25960, stack(0x000000ce84800000,0x000000ce84900000)]
  0x000001eb02a2e710 JavaThread "jar transforms Thread 3" [_thread_blocked, id=25036, stack(0x000000ce84900000,0x000000ce84a00000)]
  0x000001eb02a2ec20 JavaThread "jar transforms Thread 4" [_thread_blocked, id=9288, stack(0x000000ce84a00000,0x000000ce84b00000)]
  0x000001eb02a32df0 JavaThread "jar transforms Thread 5" [_thread_blocked, id=29532, stack(0x000000ce84b00000,0x000000ce84c00000)]
  0x000001eb02a2fb50 JavaThread "Cache worker for checksums cache (D:\TempAppWorking\android\.gradle\8.13\checksums)" [_thread_blocked, id=22308, stack(0x000000ce84d00000,0x000000ce84e00000)]
  0x000001eb02a328e0 JavaThread "Cache worker for file content cache (C:\Users\speed\.gradle\caches\8.13\fileContent)" [_thread_blocked, id=20908, stack(0x000000ce84e00000,0x000000ce84f00000)]
  0x000001eb02a33d20 JavaThread "jar transforms Thread 6" [_thread_blocked, id=31620, stack(0x000000ce84f00000,0x000000ce85000000)]
  0x000001eb02a30f90 JavaThread "jar transforms Thread 7" [_thread_blocked, id=30908, stack(0x000000ce85000000,0x000000ce85100000)]
  0x000001eb02a30570 JavaThread "jar transforms Thread 8" [_thread_blocked, id=22040, stack(0x000000ce85100000,0x000000ce85200000)]
  0x000001eb02a31ec0 JavaThread "jar transforms Thread 9" [_thread_blocked, id=17784, stack(0x000000ce85200000,0x000000ce85300000)]
  0x000001eb02a2f130 JavaThread "jar transforms Thread 10" [_thread_blocked, id=4036, stack(0x000000ce85300000,0x000000ce85400000)]
  0x000001eb02a30060 JavaThread "Cache worker for cache directory md-supplier (C:\Users\speed\.gradle\caches\8.13\md-supplier)" [_thread_blocked, id=2416, stack(0x000000ce85700000,0x000000ce85800000)]
  0x000001eb02a2d7e0 JavaThread "Cache worker for cache directory md-rule (C:\Users\speed\.gradle\caches\8.13\md-rule)" [_thread_blocked, id=26520, stack(0x000000ce85800000,0x000000ce85900000)]
  0x000001eb02a2dcf0 JavaThread "Cache worker for Build Output Cleanup Cache (D:\TempAppWorking\node_modules\@react-native\gradle-plugin\.gradle\buildOutputCleanup)" [_thread_blocked, id=31196, stack(0x000000ce85900000,0x000000ce85a00000)]
  0x000001eb234a6ec0 JavaThread "Unconstrained build operations" [_thread_blocked, id=11024, stack(0x000000ce85b00000,0x000000ce85c00000)]
  0x000001eb234a5f90 JavaThread "Unconstrained build operations Thread 2" [_thread_blocked, id=19232, stack(0x000000ce85c00000,0x000000ce85d00000)]
  0x000001eb234a5a80 JavaThread "Unconstrained build operations Thread 3" [_thread_blocked, id=15284, stack(0x000000ce83800000,0x000000ce83900000)]
  0x000001eb234a73d0 JavaThread "Unconstrained build operations Thread 4" [_thread_blocked, id=1076, stack(0x000000ce85d00000,0x000000ce85e00000)]
  0x000001eb234a78e0 JavaThread "Unconstrained build operations Thread 5" [_thread_blocked, id=31504, stack(0x000000ce85e00000,0x000000ce85f00000)]
  0x000001eb234a8810 JavaThread "Unconstrained build operations Thread 6" [_thread_blocked, id=14888, stack(0x000000ce85f00000,0x000000ce86000000)]
  0x000001eb234a7df0 JavaThread "Cache worker for Build Output Cleanup Cache (D:\TempAppWorking\node_modules\expo-modules-autolinking\android\expo-gradle-plugin\.gradle\buildOutputCleanup)" [_thread_blocked, id=11420, stack(0x000000ce86000000,0x000000ce86100000)]
  0x000001eb234a8300 JavaThread "Unconstrained build operations Thread 7" [_thread_blocked, id=21376, stack(0x000000ce86200000,0x000000ce86300000)]
  0x000001eb234a5060 JavaThread "Unconstrained build operations Thread 8" [_thread_blocked, id=7828, stack(0x000000ce86300000,0x000000ce86400000)]
  0x000001eb234a5570 JavaThread "Unconstrained build operations Thread 9" [_thread_blocked, id=1524, stack(0x000000ce86400000,0x000000ce86500000)]
  0x000001eb26eb4700 JavaThread "Unconstrained build operations Thread 10" [_thread_blocked, id=9972, stack(0x000000ce86500000,0x000000ce86600000)]
  0x000001eb26eb2db0 JavaThread "Unconstrained build operations Thread 11" [_thread_blocked, id=13208, stack(0x000000ce86600000,0x000000ce86700000)]
  0x000001eb26eb28a0 JavaThread "Unconstrained build operations Thread 12" [_thread_blocked, id=26668, stack(0x000000ce86700000,0x000000ce86800000)]
  0x000001eb26eb5630 JavaThread "Unconstrained build operations Thread 13" [_thread_blocked, id=7788, stack(0x000000ce86800000,0x000000ce86900000)]
  0x000001eb26eb5b40 JavaThread "Unconstrained build operations Thread 14" [_thread_blocked, id=9156, stack(0x000000ce86900000,0x000000ce86a00000)]
  0x000001eb26eb32c0 JavaThread "Unconstrained build operations Thread 15" [_thread_blocked, id=20836, stack(0x000000ce86a00000,0x000000ce86b00000)]
  0x000001eb26eb41f0 JavaThread "Unconstrained build operations Thread 16" [_thread_blocked, id=24924, stack(0x000000ce86b00000,0x000000ce86c00000)]
  0x000001eb26eb37d0 JavaThread "Unconstrained build operations Thread 17" [_thread_blocked, id=23288, stack(0x000000ce86c00000,0x000000ce86d00000)]
  0x000001eb26eb5120 JavaThread "Unconstrained build operations Thread 18" [_thread_blocked, id=13012, stack(0x000000ce81400000,0x000000ce81500000)]
  0x000001eb26eb2390 JavaThread "Unconstrained build operations Thread 19" [_thread_blocked, id=28884, stack(0x000000ce81500000,0x000000ce81600000)]
  0x000001eb26eb3ce0 JavaThread "Unconstrained build operations Thread 20" [_thread_blocked, id=30888, stack(0x000000ce85400000,0x000000ce85500000)]
  0x000001eb26eb4c10 JavaThread "Unconstrained build operations Thread 21" [_thread_blocked, id=31028, stack(0x000000ce85500000,0x000000ce85600000)]
  0x000001eb02a2c8b0 JavaThread "Unconstrained build operations Thread 22" [_thread_blocked, id=16552, stack(0x000000ce85600000,0x000000ce85700000)]
  0x000001eb02a34230 JavaThread "Unconstrained build operations Thread 23" [_thread_blocked, id=10152, stack(0x000000ce86d00000,0x000000ce86e00000)]
  0x000001eb02a2d2d0 JavaThread "Unconstrained build operations Thread 24" [_thread_blocked, id=26448, stack(0x000000ce86e00000,0x000000ce86f00000)]
  0x000001eb259dff90 JavaThread "Unconstrained build operations Thread 25" [_thread_blocked, id=15584, stack(0x000000ce86f00000,0x000000ce87000000)]
  0x000001eb259e2810 JavaThread "Unconstrained build operations Thread 26" [_thread_blocked, id=17236, stack(0x000000ce87000000,0x000000ce87100000)]
  0x000001eb259df060 JavaThread "Unconstrained build operations Thread 27" [_thread_blocked, id=23836, stack(0x000000ce87100000,0x000000ce87200000)]
  0x000001eb259df570 JavaThread "Unconstrained build operations Thread 28" [_thread_blocked, id=27176, stack(0x000000ce87200000,0x000000ce87300000)]
  0x000001eb259e1df0 JavaThread "Unconstrained build operations Thread 29" [_thread_blocked, id=15464, stack(0x000000ce87300000,0x000000ce87400000)]
  0x000001eb259e0ec0 JavaThread "Unconstrained build operations Thread 30" [_thread_blocked, id=20900, stack(0x000000ce87400000,0x000000ce87500000)]
  0x000001eb259dfa80 JavaThread "Unconstrained build operations Thread 31" [_thread_blocked, id=20768, stack(0x000000ce87500000,0x000000ce87600000)]
  0x000001eb259e04a0 JavaThread "Unconstrained build operations Thread 32" [_thread_blocked, id=22360, stack(0x000000ce87600000,0x000000ce87700000)]
  0x000001eb259e18e0 JavaThread "Unconstrained build operations Thread 33" [_thread_blocked, id=8424, stack(0x000000ce87700000,0x000000ce87800000)]
  0x000001eb259e09b0 JavaThread "Unconstrained build operations Thread 34" [_thread_blocked, id=8620, stack(0x000000ce87800000,0x000000ce87900000)]
  0x000001eb259e2300 JavaThread "Unconstrained build operations Thread 35" [_thread_blocked, id=15564, stack(0x000000ce87900000,0x000000ce87a00000)]
  0x000001eb259e13d0 JavaThread "Unconstrained build operations Thread 36" [_thread_blocked, id=15380, stack(0x000000ce87a00000,0x000000ce87b00000)]
  0x000001eb233613b0 JavaThread "Unconstrained build operations Thread 37" [_thread_blocked, id=25780, stack(0x000000ce87b00000,0x000000ce87c00000)]
  0x000001eb23364b60 JavaThread "Unconstrained build operations Thread 38" [_thread_blocked, id=16600, stack(0x000000ce87c00000,0x000000ce87d00000)]
  0x000001eb23363210 JavaThread "Unconstrained build operations Thread 39" [_thread_blocked, id=24140, stack(0x000000ce87d00000,0x000000ce87e00000)]
  0x000001eb2335f550 JavaThread "build event listener" [_thread_blocked, id=27364, stack(0x000000ce87e00000,0x000000ce87f00000)]
  0x000001eb2335ff70 JavaThread "Memory manager" [_thread_blocked, id=9904, stack(0x000000ce88000000,0x000000ce88100000)]
  0x000001eb23361dd0 JavaThread "Unconstrained build operations Thread 40" [_thread_blocked, id=8628, stack(0x000000ce87f00000,0x000000ce88000000)]
  0x000001eb23360ea0 JavaThread "Unconstrained build operations Thread 41" [_thread_blocked, id=13280, stack(0x000000ce88100000,0x000000ce88200000)]
  0x000001eb233618c0 JavaThread "Unconstrained build operations Thread 42" [_thread_blocked, id=18848, stack(0x000000ce88200000,0x000000ce88300000)]
  0x000001eb2335e110 JavaThread "Unconstrained build operations Thread 43" [_thread_blocked, id=17852, stack(0x000000ce88300000,0x000000ce88400000)]
  0x000001eb233622e0 JavaThread "Unconstrained build operations Thread 44" [_thread_blocked, id=25692, stack(0x000000ce88400000,0x000000ce88500000)]
  0x000001eb23365a90 JavaThread "Unconstrained build operations Thread 45" [_thread_blocked, id=25924, stack(0x000000ce88500000,0x000000ce88600000)]
  0x000001eb23365070 JavaThread "Unconstrained build operations Thread 46" [_thread_blocked, id=28812, stack(0x000000ce88600000,0x000000ce88700000)]
  0x000001eb233627f0 JavaThread "Unconstrained build operations Thread 47" [_thread_blocked, id=19084, stack(0x000000ce88700000,0x000000ce88800000)]
  0x000001eb23362d00 JavaThread "Unconstrained build operations Thread 48" [_thread_blocked, id=18200, stack(0x000000ce88800000,0x000000ce88900000)]
  0x000001eb23363720 JavaThread "Unconstrained build operations Thread 49" [_thread_blocked, id=29196, stack(0x000000ce88900000,0x000000ce88a00000)]
  0x000001eb23365580 JavaThread "Unconstrained build operations Thread 50" [_thread_blocked, id=27432, stack(0x000000ce88a00000,0x000000ce88b00000)]
  0x000001eb2335eb30 JavaThread "Unconstrained build operations Thread 51" [_thread_blocked, id=17392, stack(0x000000ce81600000,0x000000ce81700000)]
  0x000001eb2335f040 JavaThread "Unconstrained build operations Thread 52" [_thread_blocked, id=15140, stack(0x000000ce86100000,0x000000ce86200000)]
  0x000001eb02a2e200 JavaThread "Unconstrained build operations Thread 53" [_thread_blocked, id=12284, stack(0x000000ce88b00000,0x000000ce88c00000)]
  0x000001eb02a9e5c0 JavaThread "Unconstrained build operations Thread 54" [_thread_blocked, id=28072, stack(0x000000ce88c00000,0x000000ce88d00000)]
  0x000001eb02a999d0 JavaThread "Unconstrained build operations Thread 55" [_thread_blocked, id=20472, stack(0x000000ce88d00000,0x000000ce88e00000)]
  0x000001eb02a9f4f0 JavaThread "Unconstrained build operations Thread 56" [_thread_blocked, id=24976, stack(0x000000ce88e00000,0x000000ce88f00000)]
  0x000001eb02aa0930 JavaThread "Unconstrained build operations Thread 57" [_thread_blocked, id=21852, stack(0x000000ce88f00000,0x000000ce89000000)]
  0x000001eb02a994c0 JavaThread "Unconstrained build operations Thread 58" [_thread_blocked, id=29612, stack(0x000000ce89000000,0x000000ce89100000)]
  0x000001eb02a9a3f0 JavaThread "Unconstrained build operations Thread 59" [_thread_blocked, id=7724, stack(0x000000ce89100000,0x000000ce89200000)]
  0x000001eb02aa0e40 JavaThread "Unconstrained build operations Thread 60" [_thread_blocked, id=2228, stack(0x000000ce89200000,0x000000ce89300000)]
  0x000001eb02a9d690 JavaThread "Unconstrained build operations Thread 61" [_thread_blocked, id=26704, stack(0x000000ce89300000,0x000000ce89400000)]
  0x000001eb02a9ff10 JavaThread "Unconstrained build operations Thread 62" [_thread_blocked, id=13644, stack(0x000000ce89400000,0x000000ce89500000)]
  0x000001eb02a9cc70 JavaThread "Unconstrained build operations Thread 63" [_thread_blocked, id=29648, stack(0x000000ce89500000,0x000000ce89600000)]
  0x000001eb02a9ead0 JavaThread "Unconstrained build operations Thread 64" [_thread_blocked, id=25556, stack(0x000000ce89600000,0x000000ce89700000)]
  0x000001eb02a9efe0 JavaThread "Unconstrained build operations Thread 65" [_thread_blocked, id=23668, stack(0x000000ce89700000,0x000000ce89800000)]
  0x000001eb02a9d180 JavaThread "Unconstrained build operations Thread 66" [_thread_blocked, id=30092, stack(0x000000ce89800000,0x000000ce89900000)]
  0x000001eb02a99ee0 JavaThread "Unconstrained build operations Thread 67" [_thread_blocked, id=6796, stack(0x000000ce89900000,0x000000ce89a00000)]
  0x000001eb02a9a900 JavaThread "Unconstrained build operations Thread 68" [_thread_blocked, id=16872, stack(0x000000ce89a00000,0x000000ce89b00000)]
  0x000001eb02a9ae10 JavaThread "Unconstrained build operations Thread 69" [_thread_blocked, id=28232, stack(0x000000ce89b00000,0x000000ce89c00000)]
  0x000001eb02a9c250 JavaThread "Unconstrained build operations Thread 70" [_thread_blocked, id=30196, stack(0x000000ce89c00000,0x000000ce89d00000)]
  0x000001eb02aa0420 JavaThread "Unconstrained build operations Thread 71" [_thread_blocked, id=6680, stack(0x000000ce89d00000,0x000000ce89e00000)]
  0x000001eb02a9dba0 JavaThread "Unconstrained build operations Thread 72" [_thread_blocked, id=29032, stack(0x000000ce89e00000,0x000000ce89f00000)]
  0x000001eb02a9b320 JavaThread "build event listener" [_thread_blocked, id=25064, stack(0x000000ce89f00000,0x000000ce8a000000)]
  0x000001eb2696ca90 JavaThread "Unconstrained build operations Thread 73" [_thread_blocked, id=23892, stack(0x000000ce8a000000,0x000000ce8a100000)]
  0x000001eb2696c070 JavaThread "Unconstrained build operations Thread 74" [_thread_blocked, id=31728, stack(0x000000ce8a100000,0x000000ce8a200000)]
  0x000001eb2696c580 JavaThread "Unconstrained build operations Thread 75" [_thread_blocked, id=9404, stack(0x000000ce8a200000,0x000000ce8a300000)]
  0x000001eb2696cfa0 JavaThread "Unconstrained build operations Thread 76" [_thread_blocked, id=4348, stack(0x000000ce8a300000,0x000000ce8a400000)]
  0x000001eb2696e8f0 JavaThread "Unconstrained build operations Thread 77" [_thread_blocked, id=28096, stack(0x000000ce8a400000,0x000000ce8a500000)]
  0x000001eb2696f310 JavaThread "Unconstrained build operations Thread 78" [_thread_blocked, id=5972, stack(0x000000ce8a500000,0x000000ce8a600000)]
  0x000001eb2696f820 JavaThread "Unconstrained build operations Thread 79" [_thread_blocked, id=15752, stack(0x000000ce8a600000,0x000000ce8a700000)]
  0x000001eb2696d4b0 JavaThread "Unconstrained build operations Thread 80" [_thread_blocked, id=29476, stack(0x000000ce8a700000,0x000000ce8a800000)]
  0x000001eb2696d9c0 JavaThread "Unconstrained build operations Thread 81" [_thread_blocked, id=3636, stack(0x000000ce8a800000,0x000000ce8a900000)]
  0x000001eb2696ded0 JavaThread "Unconstrained build operations Thread 82" [_thread_blocked, id=19316, stack(0x000000ce8a900000,0x000000ce8aa00000)]
  0x000001eb2696ee00 JavaThread "Unconstrained build operations Thread 83" [_thread_blocked, id=8584, stack(0x000000ce8aa00000,0x000000ce8ab00000)]
  0x000001eb266d3090 JavaThread "Unconstrained build operations Thread 84" [_thread_blocked, id=30152, stack(0x000000ce8ab00000,0x000000ce8ac00000)]

Other Threads:
  0x000001eb025bf810 VMThread "VM Thread" [stack: 0x000000ce81d00000,0x000000ce81e00000] [id=13548]
  0x000001eb63f8e330 WatcherThread [stack: 0x000000ce82900000,0x000000ce82a00000] [id=15812]
  0x000001eb63f756d0 GCTaskThread "GC Thread#0" [stack: 0x000000ce81800000,0x000000ce81900000] [id=14576]
  0x000001eb02a991b0 GCTaskThread "GC Thread#1" [stack: 0x000000ce82b00000,0x000000ce82c00000] [id=5004]
  0x000001eb22354fe0 GCTaskThread "GC Thread#2" [stack: 0x000000ce82c00000,0x000000ce82d00000] [id=13108]
  0x000001eb23647800 GCTaskThread "GC Thread#3" [stack: 0x000000ce82d00000,0x000000ce82e00000] [id=30332]
  0x000001eb22dfa930 GCTaskThread "GC Thread#4" [stack: 0x000000ce82e00000,0x000000ce82f00000] [id=13176]
  0x000001eb244a7bd0 GCTaskThread "GC Thread#5" [stack: 0x000000ce83c00000,0x000000ce83d00000] [id=27912]
  0x000001eb244a6310 GCTaskThread "GC Thread#6" [stack: 0x000000ce83d00000,0x000000ce83e00000] [id=24176]
  0x000001eb244a65d0 GCTaskThread "GC Thread#7" [stack: 0x000000ce83e00000,0x000000ce83f00000] [id=30912]
  0x000001eb244a7390 GCTaskThread "GC Thread#8" [stack: 0x000000ce83f00000,0x000000ce84000000] [id=8700]
  0x000001eb244a70d0 GCTaskThread "GC Thread#9" [stack: 0x000000ce84000000,0x000000ce84100000] [id=8720]
  0x000001eb63f86620 ConcurrentGCThread "G1 Main Marker" [stack: 0x000000ce81900000,0x000000ce81a00000] [id=19028]
  0x000001eb63f87030 ConcurrentGCThread "G1 Conc#0" [stack: 0x000000ce81a00000,0x000000ce81b00000] [id=18236]
  0x000001eb244a6890 ConcurrentGCThread "G1 Conc#1" [stack: 0x000000ce84300000,0x000000ce84400000] [id=31116]
  0x000001eb244a7650 ConcurrentGCThread "G1 Conc#2" [stack: 0x000000ce84400000,0x000000ce84500000] [id=15256]
  0x000001eb63fd90a0 ConcurrentGCThread "G1 Refine#0" [stack: 0x000000ce81b00000,0x000000ce81c00000] [id=29992]
  0x000001eb26a35c90 ConcurrentGCThread "G1 Refine#1" [stack: 0x000000ce84c00000,0x000000ce84d00000] [id=31208]
  0x000001eb63fd9ad0 ConcurrentGCThread "G1 Service" [stack: 0x000000ce81c00000,0x000000ce81d00000] [id=12652]

Threads with active compile tasks:
C2 CompilerThread0   199042 11790       4       org.gradle.internal.instantiation.generator.AbstractClassGenerator::inspectType (602 bytes)

VM state: not at safepoint (normal execution)

VM Mutex/Monitor currently owned by a thread: None

Heap address: 0x0000000080000000, size: 2048 MB, Compressed Oops mode: 32-bit

CDS archive(s) mapped at: [0x000001eb03000000-0x000001eb03bd0000-0x000001eb03bd0000), size 12386304, SharedBaseAddress: 0x000001eb03000000, ArchiveRelocationMode: 1.
Compressed class space mapped at: 0x000001eb04000000-0x000001eb1e000000, reserved size: 436207616
Narrow klass base: 0x000001eb03000000, Narrow klass shift: 0, Narrow klass range: 0x100000000

GC Precious Log:
 CPUs: 12 total, 12 available
 Memory: 7916M
 Large Page Support: Disabled
 NUMA Support: Disabled
 Compressed Oops: Enabled (32-bit)
 Heap Region Size: 1M
 Heap Min Capacity: 8M
 Heap Initial Capacity: 124M
 Heap Max Capacity: 2G
 Pre-touch: Disabled
 Parallel Workers: 10
 Concurrent Workers: 3
 Concurrent Refinement Workers: 10
 Periodic GC: Disabled

Heap:
 garbage-first heap   total 190464K, used 102592K [0x0000000080000000, 0x0000000100000000)
  region size 1024K, 10 young (10240K), 3 survivors (3072K)
 Metaspace       used 81679K, committed 82624K, reserved 557056K
  class space    used 11257K, committed 11712K, reserved 425984K

Heap Regions: E=young(eden), S=young(survivor), O=old, HS=humongous(starts), HC=humongous(continues), CS=collection set, F=free, OA=open archive, CA=closed archive, TAMS=top-at-mark-start (previous, next)
|   0|0x0000000080000000, 0x0000000080100000, 0x0000000080100000|100%|HS|  |TAMS 0x0000000080100000, 0x0000000080000000| Complete 
|   1|0x0000000080100000, 0x0000000080200000, 0x0000000080200000|100%|HC|  |TAMS 0x0000000080200000, 0x0000000080100000| Complete 
|   2|0x0000000080200000, 0x0000000080300000, 0x0000000080300000|100%|HC|  |TAMS 0x0000000080300000, 0x0000000080200000| Complete 
|   3|0x0000000080300000, 0x0000000080400000, 0x0000000080400000|100%| O|  |TAMS 0x0000000080400000, 0x0000000080300000| Untracked 
|   4|0x0000000080400000, 0x0000000080500000, 0x0000000080500000|100%| O|  |TAMS 0x0000000080500000, 0x0000000080400000| Untracked 
|   5|0x0000000080500000, 0x0000000080600000, 0x0000000080600000|100%| O|  |TAMS 0x0000000080600000, 0x0000000080500000| Untracked 
|   6|0x0000000080600000, 0x0000000080700000, 0x0000000080700000|100%|HS|  |TAMS 0x0000000080700000, 0x0000000080600000| Complete 
|   7|0x0000000080700000, 0x0000000080800000, 0x0000000080800000|100%| O|  |TAMS 0x0000000080800000, 0x0000000080700000| Untracked 
|   8|0x0000000080800000, 0x0000000080900000, 0x0000000080900000|100%| O|  |TAMS 0x0000000080900000, 0x0000000080800000| Untracked 
|   9|0x0000000080900000, 0x0000000080a00000, 0x0000000080a00000|100%| O|  |TAMS 0x0000000080a00000, 0x0000000080900000| Untracked 
|  10|0x0000000080a00000, 0x0000000080b00000, 0x0000000080b00000|100%| O|  |TAMS 0x0000000080b00000, 0x0000000080a00000| Untracked 
|  11|0x0000000080b00000, 0x0000000080c00000, 0x0000000080c00000|100%| O|  |TAMS 0x0000000080c00000, 0x0000000080b00000| Untracked 
|  12|0x0000000080c00000, 0x0000000080d00000, 0x0000000080d00000|100%| O|  |TAMS 0x0000000080d00000, 0x0000000080c00000| Untracked 
|  13|0x0000000080d00000, 0x0000000080e00000, 0x0000000080e00000|100%| O|  |TAMS 0x0000000080e00000, 0x0000000080d00000| Untracked 
|  14|0x0000000080e00000, 0x0000000080f00000, 0x0000000080f00000|100%| O|  |TAMS 0x0000000080f00000, 0x0000000080e00000| Untracked 
|  15|0x0000000080f00000, 0x0000000081000000, 0x0000000081000000|100%| O|  |TAMS 0x0000000081000000, 0x0000000080f00000| Untracked 
|  16|0x0000000081000000, 0x0000000081100000, 0x0000000081100000|100%| O|  |TAMS 0x0000000081100000, 0x0000000081000000| Untracked 
|  17|0x0000000081100000, 0x0000000081200000, 0x0000000081200000|100%| O|  |TAMS 0x0000000081200000, 0x0000000081100000| Untracked 
|  18|0x0000000081200000, 0x0000000081300000, 0x0000000081300000|100%| O|  |TAMS 0x0000000081300000, 0x0000000081200000| Untracked 
|  19|0x0000000081300000, 0x0000000081400000, 0x0000000081400000|100%| O|  |TAMS 0x0000000081400000, 0x0000000081300000| Untracked 
|  20|0x0000000081400000, 0x0000000081400000, 0x0000000081500000|  0%| F|  |TAMS 0x0000000081400000, 0x0000000081400000| Untracked 
|  21|0x0000000081500000, 0x0000000081600000, 0x0000000081600000|100%| O|  |TAMS 0x0000000081600000, 0x0000000081500000| Untracked 
|  22|0x0000000081600000, 0x0000000081700000, 0x0000000081700000|100%| O|  |TAMS 0x0000000081700000, 0x0000000081600000| Untracked 
|  23|0x0000000081700000, 0x0000000081800000, 0x0000000081800000|100%| O|  |TAMS 0x0000000081800000, 0x0000000081700000| Untracked 
|  24|0x0000000081800000, 0x0000000081900000, 0x0000000081900000|100%| O|  |TAMS 0x0000000081900000, 0x0000000081800000| Untracked 
|  25|0x0000000081900000, 0x0000000081a00000, 0x0000000081a00000|100%| O|  |TAMS 0x0000000081a00000, 0x0000000081900000| Untracked 
|  26|0x0000000081a00000, 0x0000000081b00000, 0x0000000081b00000|100%| O|  |TAMS 0x0000000081b00000, 0x0000000081a00000| Untracked 
|  27|0x0000000081b00000, 0x0000000081c00000, 0x0000000081c00000|100%| O|  |TAMS 0x0000000081c00000, 0x0000000081b00000| Untracked 
|  28|0x0000000081c00000, 0x0000000081d00000, 0x0000000081d00000|100%| O|  |TAMS 0x0000000081d00000, 0x0000000081c00000| Untracked 
|  29|0x0000000081d00000, 0x0000000081e00000, 0x0000000081e00000|100%| O|  |TAMS 0x0000000081e00000, 0x0000000081d00000| Untracked 
|  30|0x0000000081e00000, 0x0000000081f00000, 0x0000000081f00000|100%| O|  |TAMS 0x0000000081f00000, 0x0000000081e00000| Untracked 
|  31|0x0000000081f00000, 0x0000000082000000, 0x0000000082000000|100%| O|  |TAMS 0x0000000082000000, 0x0000000081f00000| Untracked 
|  32|0x0000000082000000, 0x0000000082100000, 0x0000000082100000|100%| O|  |TAMS 0x0000000082100000, 0x0000000082000000| Untracked 
|  33|0x0000000082100000, 0x0000000082200000, 0x0000000082200000|100%| O|  |TAMS 0x0000000082200000, 0x0000000082100000| Untracked 
|  34|0x0000000082200000, 0x0000000082300000, 0x0000000082300000|100%| O|  |TAMS 0x0000000082300000, 0x0000000082200000| Untracked 
|  35|0x0000000082300000, 0x0000000082400000, 0x0000000082400000|100%| O|  |TAMS 0x0000000082400000, 0x0000000082300000| Untracked 
|  36|0x0000000082400000, 0x0000000082500000, 0x0000000082500000|100%| O|  |TAMS 0x0000000082500000, 0x0000000082400000| Untracked 
|  37|0x0000000082500000, 0x0000000082600000, 0x0000000082600000|100%| O|  |TAMS 0x0000000082600000, 0x0000000082500000| Untracked 
|  38|0x0000000082600000, 0x0000000082700000, 0x0000000082700000|100%| O|  |TAMS 0x0000000082700000, 0x0000000082600000| Untracked 
|  39|0x0000000082700000, 0x0000000082800000, 0x0000000082800000|100%| O|  |TAMS 0x0000000082800000, 0x0000000082700000| Untracked 
|  40|0x0000000082800000, 0x0000000082900000, 0x0000000082900000|100%| O|  |TAMS 0x0000000082900000, 0x0000000082800000| Untracked 
|  41|0x0000000082900000, 0x0000000082a00000, 0x0000000082a00000|100%| O|  |TAMS 0x0000000082a00000, 0x0000000082900000| Untracked 
|  42|0x0000000082a00000, 0x0000000082b00000, 0x0000000082b00000|100%| O|  |TAMS 0x0000000082b00000, 0x0000000082a00000| Untracked 
|  43|0x0000000082b00000, 0x0000000082c00000, 0x0000000082c00000|100%| O|  |TAMS 0x0000000082c00000, 0x0000000082b00000| Untracked 
|  44|0x0000000082c00000, 0x0000000082d00000, 0x0000000082d00000|100%| O|  |TAMS 0x0000000082d00000, 0x0000000082c00000| Untracked 
|  45|0x0000000082d00000, 0x0000000082e00000, 0x0000000082e00000|100%| O|  |TAMS 0x0000000082e00000, 0x0000000082d00000| Untracked 
|  46|0x0000000082e00000, 0x0000000082f00000, 0x0000000082f00000|100%| O|  |TAMS 0x0000000082f00000, 0x0000000082e00000| Untracked 
|  47|0x0000000082f00000, 0x0000000083000000, 0x0000000083000000|100%| O|  |TAMS 0x0000000083000000, 0x0000000082f00000| Untracked 
|  48|0x0000000083000000, 0x0000000083100000, 0x0000000083100000|100%| O|  |TAMS 0x0000000083100000, 0x0000000083000000| Untracked 
|  49|0x0000000083100000, 0x0000000083200000, 0x0000000083200000|100%| O|  |TAMS 0x0000000083200000, 0x0000000083100000| Untracked 
|  50|0x0000000083200000, 0x0000000083300000, 0x0000000083300000|100%| O|  |TAMS 0x0000000083300000, 0x0000000083200000| Untracked 
|  51|0x0000000083300000, 0x0000000083400000, 0x0000000083400000|100%| O|  |TAMS 0x0000000083400000, 0x0000000083300000| Untracked 
|  52|0x0000000083400000, 0x0000000083500000, 0x0000000083500000|100%|HS|  |TAMS 0x0000000083500000, 0x0000000083400000| Complete 
|  53|0x0000000083500000, 0x0000000083600000, 0x0000000083600000|100%|HC|  |TAMS 0x0000000083600000, 0x0000000083500000| Complete 
|  54|0x0000000083600000, 0x0000000083700000, 0x0000000083700000|100%|HS|  |TAMS 0x0000000083700000, 0x0000000083600000| Complete 
|  55|0x0000000083700000, 0x0000000083800000, 0x0000000083800000|100%|HC|  |TAMS 0x0000000083800000, 0x0000000083700000| Complete 
|  56|0x0000000083800000, 0x0000000083900000, 0x0000000083900000|100%|HC|  |TAMS 0x0000000083900000, 0x0000000083800000| Complete 
|  57|0x0000000083900000, 0x0000000083a00000, 0x0000000083a00000|100%|HS|  |TAMS 0x0000000083a00000, 0x0000000083900000| Complete 
|  58|0x0000000083a00000, 0x0000000083b00000, 0x0000000083b00000|100%|HC|  |TAMS 0x0000000083b00000, 0x0000000083a00000| Complete 
|  59|0x0000000083b00000, 0x0000000083c00000, 0x0000000083c00000|100%| O|  |TAMS 0x0000000083c00000, 0x0000000083b00000| Untracked 
|  60|0x0000000083c00000, 0x0000000083d00000, 0x0000000083d00000|100%| O|  |TAMS 0x0000000083d00000, 0x0000000083c00000| Untracked 
|  61|0x0000000083d00000, 0x0000000083e00000, 0x0000000083e00000|100%| O|  |TAMS 0x0000000083e00000, 0x0000000083d00000| Untracked 
|  62|0x0000000083e00000, 0x0000000083f00000, 0x0000000083f00000|100%| O|  |TAMS 0x0000000083f00000, 0x0000000083e00000| Untracked 
|  63|0x0000000083f00000, 0x0000000084000000, 0x0000000084000000|100%| O|  |TAMS 0x0000000084000000, 0x0000000083f00000| Untracked 
|  64|0x0000000084000000, 0x0000000084100000, 0x0000000084100000|100%| O|  |TAMS 0x0000000084100000, 0x0000000084000000| Untracked 
|  65|0x0000000084100000, 0x0000000084200000, 0x0000000084200000|100%|HS|  |TAMS 0x0000000084200000, 0x0000000084100000| Complete 
|  66|0x0000000084200000, 0x0000000084300000, 0x0000000084300000|100%|HC|  |TAMS 0x0000000084300000, 0x0000000084200000| Complete 
|  67|0x0000000084300000, 0x0000000084400000, 0x0000000084400000|100%|HC|  |TAMS 0x0000000084400000, 0x0000000084300000| Complete 
|  68|0x0000000084400000, 0x0000000084500000, 0x0000000084500000|100%| O|  |TAMS 0x0000000084500000, 0x0000000084400000| Untracked 
|  69|0x0000000084500000, 0x0000000084600000, 0x0000000084600000|100%| O|  |TAMS 0x0000000084600000, 0x0000000084500000| Untracked 
|  70|0x0000000084600000, 0x0000000084700000, 0x0000000084700000|100%| O|  |TAMS 0x0000000084700000, 0x0000000084600000| Untracked 
|  71|0x0000000084700000, 0x0000000084800000, 0x0000000084800000|100%| O|  |TAMS 0x0000000084800000, 0x0000000084700000| Untracked 
|  72|0x0000000084800000, 0x0000000084900000, 0x0000000084900000|100%| O|  |TAMS 0x0000000084900000, 0x0000000084800000| Untracked 
|  73|0x0000000084900000, 0x0000000084a00000, 0x0000000084a00000|100%|HS|  |TAMS 0x0000000084a00000, 0x0000000084900000| Complete 
|  74|0x0000000084a00000, 0x0000000084b00000, 0x0000000084b00000|100%|HC|  |TAMS 0x0000000084b00000, 0x0000000084a00000| Complete 
|  75|0x0000000084b00000, 0x0000000084c00000, 0x0000000084c00000|100%|HS|  |TAMS 0x0000000084c00000, 0x0000000084b00000| Complete 
|  76|0x0000000084c00000, 0x0000000084d00000, 0x0000000084d00000|100%|HC|  |TAMS 0x0000000084d00000, 0x0000000084c00000| Complete 
|  77|0x0000000084d00000, 0x0000000084e00000, 0x0000000084e00000|100%| O|  |TAMS 0x0000000084e00000, 0x0000000084d00000| Untracked 
|  78|0x0000000084e00000, 0x0000000084f00000, 0x0000000084f00000|100%| O|  |TAMS 0x0000000084f00000, 0x0000000084e00000| Untracked 
|  79|0x0000000084f00000, 0x0000000085000000, 0x0000000085000000|100%|HS|  |TAMS 0x0000000085000000, 0x0000000084f00000| Complete 
|  80|0x0000000085000000, 0x0000000085100000, 0x0000000085100000|100%|HC|  |TAMS 0x0000000085100000, 0x0000000085000000| Complete 
|  81|0x0000000085100000, 0x0000000085200000, 0x0000000085200000|100%|HC|  |TAMS 0x0000000085200000, 0x0000000085100000| Complete 
|  82|0x0000000085200000, 0x0000000085300000, 0x0000000085300000|100%|HC|  |TAMS 0x0000000085300000, 0x0000000085200000| Complete 
|  83|0x0000000085300000, 0x0000000085400000, 0x0000000085400000|100%| O|  |TAMS 0x0000000085400000, 0x0000000085300000| Untracked 
|  84|0x0000000085400000, 0x0000000085500000, 0x0000000085500000|100%|HS|  |TAMS 0x0000000085500000, 0x0000000085400000| Complete 
|  85|0x0000000085500000, 0x0000000085600000, 0x0000000085600000|100%|HC|  |TAMS 0x0000000085600000, 0x0000000085500000| Complete 
|  86|0x0000000085600000, 0x0000000085700000, 0x0000000085700000|100%|HC|  |TAMS 0x0000000085700000, 0x0000000085600000| Complete 
|  87|0x0000000085700000, 0x0000000085800000, 0x0000000085800000|100%|HC|  |TAMS 0x0000000085800000, 0x0000000085700000| Complete 
|  88|0x0000000085800000, 0x0000000085900000, 0x0000000085900000|100%| O|  |TAMS 0x00000000858f3800, 0x0000000085800000| Untracked 
|  89|0x0000000085900000, 0x0000000085a00000, 0x0000000085a00000|100%| O|  |TAMS 0x0000000085900000, 0x0000000085900000| Untracked 
|  90|0x0000000085a00000, 0x0000000085b00000, 0x0000000085b00000|100%| O|  |TAMS 0x0000000085a00000, 0x0000000085a00000| Untracked 
|  91|0x0000000085b00000, 0x0000000085c00000, 0x0000000085c00000|100%| O|  |TAMS 0x0000000085b00000, 0x0000000085b00000| Untracked 
|  92|0x0000000085c00000, 0x0000000085c35e00, 0x0000000085d00000| 21%| O|  |TAMS 0x0000000085c00000, 0x0000000085c00000| Untracked 
|  93|0x0000000085d00000, 0x0000000085d00000, 0x0000000085e00000|  0%| F|  |TAMS 0x0000000085d00000, 0x0000000085d00000| Untracked 
|  94|0x0000000085e00000, 0x0000000085e00000, 0x0000000085f00000|  0%| F|  |TAMS 0x0000000085e00000, 0x0000000085e00000| Untracked 
|  95|0x0000000085f00000, 0x0000000085f00000, 0x0000000086000000|  0%| F|  |TAMS 0x0000000085f00000, 0x0000000085f00000| Untracked 
|  96|0x0000000086000000, 0x0000000086000000, 0x0000000086100000|  0%| F|  |TAMS 0x0000000086000000, 0x0000000086000000| Untracked 
|  97|0x0000000086100000, 0x0000000086100000, 0x0000000086200000|  0%| F|  |TAMS 0x0000000086100000, 0x0000000086100000| Untracked 
|  98|0x0000000086200000, 0x0000000086200000, 0x0000000086300000|  0%| F|  |TAMS 0x0000000086200000, 0x0000000086200000| Untracked 
|  99|0x0000000086300000, 0x0000000086300000, 0x0000000086400000|  0%| F|  |TAMS 0x0000000086300000, 0x0000000086300000| Untracked 
| 100|0x0000000086400000, 0x0000000086400000, 0x0000000086500000|  0%| F|  |TAMS 0x0000000086400000, 0x0000000086400000| Untracked 
| 101|0x0000000086500000, 0x0000000086500000, 0x0000000086600000|  0%| F|  |TAMS 0x0000000086500000, 0x0000000086500000| Untracked 
| 102|0x0000000086600000, 0x0000000086600000, 0x0000000086700000|  0%| F|  |TAMS 0x0000000086600000, 0x0000000086600000| Untracked 
| 103|0x0000000086700000, 0x0000000086700000, 0x0000000086800000|  0%| F|  |TAMS 0x0000000086700000, 0x0000000086700000| Untracked 
| 104|0x0000000086800000, 0x0000000086800000, 0x0000000086900000|  0%| F|  |TAMS 0x0000000086800000, 0x0000000086800000| Untracked 
| 105|0x0000000086900000, 0x0000000086900000, 0x0000000086a00000|  0%| F|  |TAMS 0x0000000086900000, 0x0000000086900000| Untracked 
| 106|0x0000000086a00000, 0x0000000086a00000, 0x0000000086b00000|  0%| F|  |TAMS 0x0000000086a00000, 0x0000000086a00000| Untracked 
| 107|0x0000000086b00000, 0x0000000086b00000, 0x0000000086c00000|  0%| F|  |TAMS 0x0000000086b00000, 0x0000000086b00000| Untracked 
| 108|0x0000000086c00000, 0x0000000086c00000, 0x0000000086d00000|  0%| F|  |TAMS 0x0000000086c00000, 0x0000000086c00000| Untracked 
| 109|0x0000000086d00000, 0x0000000086d00000, 0x0000000086e00000|  0%| F|  |TAMS 0x0000000086d00000, 0x0000000086d00000| Untracked 
| 110|0x0000000086e00000, 0x0000000086e00000, 0x0000000086f00000|  0%| F|  |TAMS 0x0000000086e00000, 0x0000000086e00000| Untracked 
| 111|0x0000000086f00000, 0x0000000086f00000, 0x0000000087000000|  0%| F|  |TAMS 0x0000000086f00000, 0x0000000086f00000| Untracked 
| 112|0x0000000087000000, 0x0000000087000000, 0x0000000087100000|  0%| F|  |TAMS 0x0000000087000000, 0x0000000087000000| Untracked 
| 113|0x0000000087100000, 0x0000000087100000, 0x0000000087200000|  0%| F|  |TAMS 0x0000000087100000, 0x0000000087100000| Untracked 
| 114|0x0000000087200000, 0x0000000087200000, 0x0000000087300000|  0%| F|  |TAMS 0x0000000087200000, 0x0000000087200000| Untracked 
| 115|0x0000000087300000, 0x0000000087300000, 0x0000000087400000|  0%| F|  |TAMS 0x0000000087300000, 0x0000000087300000| Untracked 
| 116|0x0000000087400000, 0x0000000087400000, 0x0000000087500000|  0%| F|  |TAMS 0x0000000087400000, 0x0000000087400000| Untracked 
| 117|0x0000000087500000, 0x0000000087500000, 0x0000000087600000|  0%| F|  |TAMS 0x0000000087500000, 0x0000000087500000| Untracked 
| 118|0x0000000087600000, 0x0000000087600000, 0x0000000087700000|  0%| F|  |TAMS 0x0000000087600000, 0x0000000087600000| Untracked 
| 119|0x0000000087700000, 0x0000000087700000, 0x0000000087800000|  0%| F|  |TAMS 0x0000000087700000, 0x0000000087700000| Untracked 
| 120|0x0000000087800000, 0x0000000087800000, 0x0000000087900000|  0%| F|  |TAMS 0x0000000087800000, 0x0000000087800000| Untracked 
| 121|0x0000000087900000, 0x0000000087900000, 0x0000000087a00000|  0%| F|  |TAMS 0x0000000087900000, 0x0000000087900000| Untracked 
| 122|0x0000000087a00000, 0x0000000087a00000, 0x0000000087b00000|  0%| F|  |TAMS 0x0000000087a00000, 0x0000000087a00000| Untracked 
| 123|0x0000000087b00000, 0x0000000087b00000, 0x0000000087c00000|  0%| F|  |TAMS 0x0000000087b00000, 0x0000000087b00000| Untracked 
| 124|0x0000000087c00000, 0x0000000087c00000, 0x0000000087d00000|  0%| F|  |TAMS 0x0000000087c00000, 0x0000000087c00000| Untracked 
| 125|0x0000000087d00000, 0x0000000087d00000, 0x0000000087e00000|  0%| F|  |TAMS 0x0000000087d00000, 0x0000000087d00000| Untracked 
| 126|0x0000000087e00000, 0x0000000087e00000, 0x0000000087f00000|  0%| F|  |TAMS 0x0000000087e00000, 0x0000000087e00000| Untracked 
| 127|0x0000000087f00000, 0x0000000087f00000, 0x0000000088000000|  0%| F|  |TAMS 0x0000000087f00000, 0x0000000087f00000| Untracked 
| 128|0x0000000088000000, 0x0000000088000000, 0x0000000088100000|  0%| F|  |TAMS 0x0000000088000000, 0x0000000088000000| Untracked 
| 129|0x0000000088100000, 0x0000000088100000, 0x0000000088200000|  0%| F|  |TAMS 0x0000000088100000, 0x0000000088100000| Untracked 
| 130|0x0000000088200000, 0x0000000088200000, 0x0000000088300000|  0%| F|  |TAMS 0x0000000088200000, 0x0000000088200000| Untracked 
| 131|0x0000000088300000, 0x00000000883fa578, 0x0000000088400000| 97%| S|CS|TAMS 0x0000000088300000, 0x0000000088300000| Complete 
| 132|0x0000000088400000, 0x0000000088500000, 0x0000000088500000|100%| S|CS|TAMS 0x0000000088400000, 0x0000000088400000| Complete 
| 133|0x0000000088500000, 0x0000000088600000, 0x0000000088600000|100%| S|CS|TAMS 0x0000000088500000, 0x0000000088500000| Complete 
| 134|0x0000000088600000, 0x0000000088600000, 0x0000000088700000|  0%| F|  |TAMS 0x0000000088600000, 0x0000000088600000| Untracked 
| 135|0x0000000088700000, 0x0000000088700000, 0x0000000088800000|  0%| F|  |TAMS 0x0000000088700000, 0x0000000088700000| Untracked 
| 136|0x0000000088800000, 0x0000000088800000, 0x0000000088900000|  0%| F|  |TAMS 0x0000000088800000, 0x0000000088800000| Untracked 
| 137|0x0000000088900000, 0x0000000088900000, 0x0000000088a00000|  0%| F|  |TAMS 0x0000000088900000, 0x0000000088900000| Untracked 
| 138|0x0000000088a00000, 0x0000000088a00000, 0x0000000088b00000|  0%| F|  |TAMS 0x0000000088a00000, 0x0000000088a00000| Untracked 
| 139|0x0000000088b00000, 0x0000000088b00000, 0x0000000088c00000|  0%| F|  |TAMS 0x0000000088b00000, 0x0000000088b00000| Untracked 
| 140|0x0000000088c00000, 0x0000000088c00000, 0x0000000088d00000|  0%| F|  |TAMS 0x0000000088c00000, 0x0000000088c00000| Untracked 
| 141|0x0000000088d00000, 0x0000000088d00000, 0x0000000088e00000|  0%| F|  |TAMS 0x0000000088d00000, 0x0000000088d00000| Untracked 
| 142|0x0000000088e00000, 0x0000000088e00000, 0x0000000088f00000|  0%| F|  |TAMS 0x0000000088e00000, 0x0000000088e00000| Untracked 
| 143|0x0000000088f00000, 0x0000000088f00000, 0x0000000089000000|  0%| F|  |TAMS 0x0000000088f00000, 0x0000000088f00000| Untracked 
| 144|0x0000000089000000, 0x0000000089000000, 0x0000000089100000|  0%| F|  |TAMS 0x0000000089000000, 0x0000000089000000| Untracked 
| 145|0x0000000089100000, 0x0000000089100000, 0x0000000089200000|  0%| F|  |TAMS 0x0000000089100000, 0x0000000089100000| Untracked 
| 146|0x0000000089200000, 0x0000000089200000, 0x0000000089300000|  0%| F|  |TAMS 0x0000000089200000, 0x0000000089200000| Untracked 
| 147|0x0000000089300000, 0x0000000089300000, 0x0000000089400000|  0%| F|  |TAMS 0x0000000089300000, 0x0000000089300000| Untracked 
| 148|0x0000000089400000, 0x0000000089400000, 0x0000000089500000|  0%| F|  |TAMS 0x0000000089400000, 0x0000000089400000| Untracked 
| 149|0x0000000089500000, 0x0000000089500000, 0x0000000089600000|  0%| F|  |TAMS 0x0000000089500000, 0x0000000089500000| Untracked 
| 150|0x0000000089600000, 0x0000000089600000, 0x0000000089700000|  0%| F|  |TAMS 0x0000000089600000, 0x0000000089600000| Untracked 
| 151|0x0000000089700000, 0x0000000089700000, 0x0000000089800000|  0%| F|  |TAMS 0x0000000089700000, 0x0000000089700000| Untracked 
| 152|0x0000000089800000, 0x0000000089800000, 0x0000000089900000|  0%| F|  |TAMS 0x0000000089800000, 0x0000000089800000| Untracked 
| 153|0x0000000089900000, 0x0000000089900000, 0x0000000089a00000|  0%| F|  |TAMS 0x0000000089900000, 0x0000000089900000| Untracked 
| 154|0x0000000089a00000, 0x0000000089a00000, 0x0000000089b00000|  0%| F|  |TAMS 0x0000000089a00000, 0x0000000089a00000| Untracked 
| 155|0x0000000089b00000, 0x0000000089b00000, 0x0000000089c00000|  0%| F|  |TAMS 0x0000000089b00000, 0x0000000089b00000| Untracked 
| 156|0x0000000089c00000, 0x0000000089c00000, 0x0000000089d00000|  0%| F|  |TAMS 0x0000000089c00000, 0x0000000089c00000| Untracked 
| 157|0x0000000089d00000, 0x0000000089d00000, 0x0000000089e00000|  0%| F|  |TAMS 0x0000000089d00000, 0x0000000089d00000| Untracked 
| 158|0x0000000089e00000, 0x0000000089e00000, 0x0000000089f00000|  0%| F|  |TAMS 0x0000000089e00000, 0x0000000089e00000| Untracked 
| 159|0x0000000089f00000, 0x0000000089f00000, 0x000000008a000000|  0%| F|  |TAMS 0x0000000089f00000, 0x0000000089f00000| Untracked 
| 160|0x000000008a000000, 0x000000008a000000, 0x000000008a100000|  0%| F|  |TAMS 0x000000008a000000, 0x000000008a000000| Untracked 
| 161|0x000000008a100000, 0x000000008a100000, 0x000000008a200000|  0%| F|  |TAMS 0x000000008a100000, 0x000000008a100000| Untracked 
| 162|0x000000008a200000, 0x000000008a200000, 0x000000008a300000|  0%| F|  |TAMS 0x000000008a200000, 0x000000008a200000| Untracked 
| 163|0x000000008a300000, 0x000000008a300000, 0x000000008a400000|  0%| F|  |TAMS 0x000000008a300000, 0x000000008a300000| Untracked 
| 164|0x000000008a400000, 0x000000008a400000, 0x000000008a500000|  0%| F|  |TAMS 0x000000008a400000, 0x000000008a400000| Untracked 
| 165|0x000000008a500000, 0x000000008a500000, 0x000000008a600000|  0%| F|  |TAMS 0x000000008a500000, 0x000000008a500000| Untracked 
| 166|0x000000008a600000, 0x000000008a600000, 0x000000008a700000|  0%| F|  |TAMS 0x000000008a600000, 0x000000008a600000| Untracked 
| 167|0x000000008a700000, 0x000000008a700000, 0x000000008a800000|  0%| F|  |TAMS 0x000000008a700000, 0x000000008a700000| Untracked 
| 168|0x000000008a800000, 0x000000008a800000, 0x000000008a900000|  0%| F|  |TAMS 0x000000008a800000, 0x000000008a800000| Untracked 
| 169|0x000000008a900000, 0x000000008a900000, 0x000000008aa00000|  0%| F|  |TAMS 0x000000008a900000, 0x000000008a900000| Untracked 
| 170|0x000000008aa00000, 0x000000008aa00000, 0x000000008ab00000|  0%| F|  |TAMS 0x000000008aa00000, 0x000000008aa00000| Untracked 
| 171|0x000000008ab00000, 0x000000008ab00000, 0x000000008ac00000|  0%| F|  |TAMS 0x000000008ab00000, 0x000000008ab00000| Untracked 
| 172|0x000000008ac00000, 0x000000008ac00000, 0x000000008ad00000|  0%| F|  |TAMS 0x000000008ac00000, 0x000000008ac00000| Untracked 
| 173|0x000000008ad00000, 0x000000008ad00000, 0x000000008ae00000|  0%| F|  |TAMS 0x000000008ad00000, 0x000000008ad00000| Untracked 
| 174|0x000000008ae00000, 0x000000008ae00000, 0x000000008af00000|  0%| F|  |TAMS 0x000000008ae00000, 0x000000008ae00000| Untracked 
| 175|0x000000008af00000, 0x000000008af00000, 0x000000008b000000|  0%| F|  |TAMS 0x000000008af00000, 0x000000008af00000| Untracked 
| 176|0x000000008b000000, 0x000000008b000000, 0x000000008b100000|  0%| F|  |TAMS 0x000000008b000000, 0x000000008b000000| Untracked 
| 177|0x000000008b100000, 0x000000008b100000, 0x000000008b200000|  0%| F|  |TAMS 0x000000008b100000, 0x000000008b100000| Untracked 
| 178|0x000000008b200000, 0x000000008b200000, 0x000000008b300000|  0%| F|  |TAMS 0x000000008b200000, 0x000000008b200000| Untracked 
| 179|0x000000008b300000, 0x000000008b321558, 0x000000008b400000| 13%| E|  |TAMS 0x000000008b300000, 0x000000008b300000| Complete 
| 180|0x000000008b400000, 0x000000008b500000, 0x000000008b500000|100%| E|CS|TAMS 0x000000008b400000, 0x000000008b400000| Complete 
| 181|0x000000008b500000, 0x000000008b600000, 0x000000008b600000|100%| E|CS|TAMS 0x000000008b500000, 0x000000008b500000| Complete 
| 182|0x000000008b600000, 0x000000008b700000, 0x000000008b700000|100%| E|CS|TAMS 0x000000008b600000, 0x000000008b600000| Complete 
| 183|0x000000008b700000, 0x000000008b800000, 0x000000008b800000|100%| E|CS|TAMS 0x000000008b700000, 0x000000008b700000| Complete 
| 184|0x000000008b800000, 0x000000008b900000, 0x000000008b900000|100%| E|CS|TAMS 0x000000008b800000, 0x000000008b800000| Complete 
| 185|0x000000008b900000, 0x000000008ba00000, 0x000000008ba00000|100%| E|CS|TAMS 0x000000008b900000, 0x000000008b900000| Complete 

Card table byte_map: [0x000001eb7b130000,0x000001eb7b530000] _byte_map_base: 0x000001eb7ad30000

Marking Bits (Prev, Next): (CMBitMap*) 0x000001eb63f75cf0, (CMBitMap*) 0x000001eb63f75d30
 Prev Bits: [0x000001eb7b930000, 0x000001eb7d930000)
 Next Bits: [0x000001eb7d930000, 0x000001eb7f930000)

Polling page: 0x000001eb61eb0000

Metaspace:

Usage:
  Non-class:     68.77 MB used.
      Class:     10.99 MB used.
       Both:     79.76 MB used.

Virtual space:
  Non-class space:      128.00 MB reserved,      69.25 MB ( 54%) committed,  2 nodes.
      Class space:      416.00 MB reserved,      11.44 MB (  3%) committed,  1 nodes.
             Both:      544.00 MB reserved,      80.69 MB ( 15%) committed. 

Chunk freelists:
   Non-Class:  10.35 MB
       Class:  4.62 MB
        Both:  14.97 MB

MaxMetaspaceSize: 512.00 MB
CompressedClassSpaceSize: 416.00 MB
Initial GC threshold: 21.00 MB
Current GC threshold: 128.44 MB
CDS: on
MetaspaceReclaimPolicy: balanced
 - commit_granule_bytes: 65536.
 - commit_granule_words: 8192.
 - virtual_space_node_default_size: 8388608.
 - enlarge_chunks_in_place: 1.
 - new_chunks_are_fully_committed: 0.
 - uncommit_free_chunks: 1.
 - use_allocation_guard: 0.
 - handle_deallocations: 1.


Internal statistics:

num_allocs_failed_limit: 9.
num_arena_births: 1290.
num_arena_deaths: 0.
num_vsnodes_births: 3.
num_vsnodes_deaths: 0.
num_space_committed: 1291.
num_space_uncommitted: 0.
num_chunks_returned_to_freelist: 9.
num_chunks_taken_from_freelist: 4815.
num_chunk_merges: 6.
num_chunk_splits: 2999.
num_chunks_enlarged: 1793.
num_inconsistent_stats: 0.

CodeHeap 'non-profiled nmethods': size=120000Kb used=6910Kb max_used=6910Kb free=113089Kb
 bounds [0x000001eb732a0000, 0x000001eb73960000, 0x000001eb7a7d0000]
CodeHeap 'profiled nmethods': size=120000Kb used=20137Kb max_used=20137Kb free=99862Kb
 bounds [0x000001eb6b7d0000, 0x000001eb6cb80000, 0x000001eb72d00000]
CodeHeap 'non-nmethods': size=5760Kb used=2427Kb max_used=2501Kb free=3332Kb
 bounds [0x000001eb72d00000, 0x000001eb72f80000, 0x000001eb732a0000]
 total_blobs=11207 nmethods=10242 adapters=877
 compilation: enabled
              stopped_count=0, restarted_count=0
 full_count=0

Compilation events (20 events):
Event: 198.596 Thread 0x000001eb025f0b50 11794       3       org.gradle.kotlin.dsl.provider.plugins.DefaultProjectSchemaProvider::targetSchemaFor$collectSchemaOf (958 bytes)
Event: 198.632 Thread 0x000001eb025f0b50 nmethod 11794 0x000001eb6cb5a210 code [0x000001eb6cb5b7e0, 0x000001eb6cb6a7f8]
Event: 198.632 Thread 0x000001eb025f0b50 11801       3       kotlin.sequences.SequencesKt___SequencesKt::toList (89 bytes)
Event: 198.636 Thread 0x000001eb025f0b50 nmethod 11801 0x000001eb6cb6f090 code [0x000001eb6cb6f420, 0x000001eb6cb70d08]
Event: 198.636 Thread 0x000001eb025f0b50 11803       3       kotlin.reflect.jvm.internal.CachesKt::getOrCreateKotlinClass (23 bytes)
Event: 198.638 Thread 0x000001eb025f0b50 nmethod 11803 0x000001eb6cb71510 code [0x000001eb6cb717a0, 0x000001eb6cb722d8]
Event: 198.638 Thread 0x000001eb025f0b50 11798       3       org.gradle.kotlin.dsl.provider.plugins.DefaultProjectSchemaProviderKt$accessorTypePrecedenceSequence$1::create (23 bytes)
Event: 198.639 Thread 0x000001eb025f0b50 nmethod 11798 0x000001eb6cb72690 code [0x000001eb6cb72840, 0x000001eb6cb72b88]
Event: 198.639 Thread 0x000001eb025f0b50 11799       3       org.gradle.kotlin.dsl.provider.plugins.DefaultProjectSchemaProviderKt$accessorTypePrecedenceSequence$1::invokeSuspend (430 bytes)
Event: 198.646 Thread 0x000001eb025f0b50 nmethod 11799 0x000001eb6cb72d10 code [0x000001eb6cb73280, 0x000001eb6cb76748]
Event: 198.646 Thread 0x000001eb025f0b50 11800       3       org.gradle.kotlin.dsl.provider.plugins.DefaultProjectSchemaProviderKt::getAncestorClassesIncludingSelf (22 bytes)
Event: 198.647 Thread 0x000001eb025f0b50 nmethod 11800 0x000001eb6cb77b10 code [0x000001eb6cb77d60, 0x000001eb6cb78708]
Event: 198.647 Thread 0x000001eb025f0b50 11802       3       org.gradle.kotlin.dsl.provider.plugins.DefaultProjectSchemaProviderKt$ancestorClassesIncludingSelf$1::create (23 bytes)
Event: 198.648 Thread 0x000001eb025f0b50 nmethod 11802 0x000001eb6cb78a90 code [0x000001eb6cb78c40, 0x000001eb6cb78f88]
Event: 198.648 Thread 0x000001eb025f0b50 11795       3       com.google.common.collect.Iterators$ConcatenatedIterator::next (33 bytes)
Event: 198.648 Thread 0x000001eb025f0b50 nmethod 11795 0x000001eb6cb79110 code [0x000001eb6cb792e0, 0x000001eb6cb79668]
Event: 198.648 Thread 0x000001eb025f0b50 11796       3       org.gradle.api.internal.tasks.DefaultTaskCollection$1$2::apply (9 bytes)
Event: 198.649 Thread 0x000001eb025f0b50 nmethod 11796 0x000001eb6cb79790 code [0x000001eb6cb79960, 0x000001eb6cb79db8]
Event: 198.649 Thread 0x000001eb025f0b50 11797       3       com.google.common.collect.TransformedIterator::next (14 bytes)
Event: 198.649 Thread 0x000001eb025f0b50 nmethod 11797 0x000001eb6cb79f10 code [0x000001eb6cb7a0c0, 0x000001eb6cb7a358]

GC Heap History (20 events):
Event: 142.408 GC heap before
{Heap before GC invocations=37 (full 0):
 garbage-first heap   total 121856K, used 103414K [0x0000000080000000, 0x0000000100000000)
  region size 1024K, 32 young (32768K), 4 survivors (4096K)
 Metaspace       used 75539K, committed 76416K, reserved 557056K
  class space    used 10462K, committed 10880K, reserved 425984K
}
Event: 142.421 GC heap after
{Heap after GC invocations=38 (full 0):
 garbage-first heap   total 121856K, used 76321K [0x0000000080000000, 0x0000000100000000)
  region size 1024K, 2 young (2048K), 2 survivors (2048K)
 Metaspace       used 75539K, committed 76416K, reserved 557056K
  class space    used 10462K, committed 10880K, reserved 425984K
}
Event: 168.277 GC heap before
{Heap before GC invocations=38 (full 0):
 garbage-first heap   total 121856K, used 103969K [0x0000000080000000, 0x0000000100000000)
  region size 1024K, 29 young (29696K), 2 survivors (2048K)
 Metaspace       used 75549K, committed 76416K, reserved 557056K
  class space    used 10463K, committed 10880K, reserved 425984K
}
Event: 168.292 GC heap after
{Heap after GC invocations=39 (full 0):
 garbage-first heap   total 121856K, used 76602K [0x0000000080000000, 0x0000000100000000)
  region size 1024K, 3 young (3072K), 3 survivors (3072K)
 Metaspace       used 75549K, committed 76416K, reserved 557056K
  class space    used 10463K, committed 10880K, reserved 425984K
}
Event: 186.899 GC heap before
{Heap before GC invocations=39 (full 0):
 garbage-first heap   total 121856K, used 103226K [0x0000000080000000, 0x0000000100000000)
  region size 1024K, 30 young (30720K), 3 survivors (3072K)
 Metaspace       used 75777K, committed 76672K, reserved 557056K
  class space    used 10463K, committed 10880K, reserved 425984K
}
Event: 186.912 GC heap after
{Heap after GC invocations=40 (full 0):
 garbage-first heap   total 121856K, used 77682K [0x0000000080000000, 0x0000000100000000)
  region size 1024K, 4 young (4096K), 4 survivors (4096K)
 Metaspace       used 75777K, committed 76672K, reserved 557056K
  class space    used 10463K, committed 10880K, reserved 425984K
}
Event: 187.729 GC heap before
{Heap before GC invocations=40 (full 0):
 garbage-first heap   total 121856K, used 90994K [0x0000000080000000, 0x0000000100000000)
  region size 1024K, 14 young (14336K), 4 survivors (4096K)
 Metaspace       used 76311K, committed 77184K, reserved 557056K
  class space    used 10547K, committed 10944K, reserved 425984K
}
Event: 187.740 GC heap after
{Heap after GC invocations=41 (full 0):
 garbage-first heap   total 121856K, used 83045K [0x0000000080000000, 0x0000000100000000)
  region size 1024K, 3 young (3072K), 3 survivors (3072K)
 Metaspace       used 76311K, committed 77184K, reserved 557056K
  class space    used 10547K, committed 10944K, reserved 425984K
}
Event: 187.764 GC heap before
{Heap before GC invocations=41 (full 0):
 garbage-first heap   total 121856K, used 87141K [0x0000000080000000, 0x0000000100000000)
  region size 1024K, 4 young (4096K), 3 survivors (3072K)
 Metaspace       used 76312K, committed 77184K, reserved 557056K
  class space    used 10547K, committed 10944K, reserved 425984K
}
Event: 187.776 GC heap after
{Heap after GC invocations=42 (full 0):
 garbage-first heap   total 121856K, used 87563K [0x0000000080000000, 0x0000000100000000)
  region size 1024K, 2 young (2048K), 2 survivors (2048K)
 Metaspace       used 76312K, committed 77184K, reserved 557056K
  class space    used 10547K, committed 10944K, reserved 425984K
}
Event: 188.564 GC heap before
{Heap before GC invocations=42 (full 0):
 garbage-first heap   total 121856K, used 102923K [0x0000000080000000, 0x0000000100000000)
  region size 1024K, 14 young (14336K), 2 survivors (2048K)
 Metaspace       used 77231K, committed 78144K, reserved 557056K
  class space    used 10663K, committed 11072K, reserved 425984K
}
Event: 188.571 GC heap after
{Heap after GC invocations=43 (full 0):
 garbage-first heap   total 121856K, used 93134K [0x0000000080000000, 0x0000000100000000)
  region size 1024K, 2 young (2048K), 2 survivors (2048K)
 Metaspace       used 77231K, committed 78144K, reserved 557056K
  class space    used 10663K, committed 11072K, reserved 425984K
}
Event: 189.212 GC heap before
{Heap before GC invocations=43 (full 0):
 garbage-first heap   total 121856K, used 102350K [0x0000000080000000, 0x0000000100000000)
  region size 1024K, 12 young (12288K), 2 survivors (2048K)
 Metaspace       used 77985K, committed 78912K, reserved 557056K
  class space    used 10770K, committed 11200K, reserved 425984K
}
Event: 189.218 GC heap after
{Heap after GC invocations=44 (full 0):
 garbage-first heap   total 121856K, used 93836K [0x0000000080000000, 0x0000000100000000)
  region size 1024K, 1 young (1024K), 1 survivors (1024K)
 Metaspace       used 77985K, committed 78912K, reserved 557056K
  class space    used 10770K, committed 11200K, reserved 425984K
}
Event: 189.784 GC heap before
{Heap before GC invocations=45 (full 0):
 garbage-first heap   total 158720K, used 101004K [0x0000000080000000, 0x0000000100000000)
  region size 1024K, 8 young (8192K), 1 survivors (1024K)
 Metaspace       used 78534K, committed 79488K, reserved 557056K
  class space    used 10840K, committed 11264K, reserved 425984K
}
Event: 189.790 GC heap after
{Heap after GC invocations=46 (full 0):
 garbage-first heap   total 158720K, used 94045K [0x0000000080000000, 0x0000000100000000)
  region size 1024K, 1 young (1024K), 1 survivors (1024K)
 Metaspace       used 78534K, committed 79488K, reserved 557056K
  class space    used 10840K, committed 11264K, reserved 425984K
}
Event: 190.345 GC heap before
{Heap before GC invocations=46 (full 0):
 garbage-first heap   total 158720K, used 100189K [0x0000000080000000, 0x0000000100000000)
  region size 1024K, 7 young (7168K), 1 survivors (1024K)
 Metaspace       used 79025K, committed 80000K, reserved 557056K
  class space    used 10911K, committed 11328K, reserved 425984K
}
Event: 190.354 GC heap after
{Heap after GC invocations=47 (full 0):
 garbage-first heap   total 190464K, used 93771K [0x0000000080000000, 0x0000000100000000)
  region size 1024K, 1 young (1024K), 1 survivors (1024K)
 Metaspace       used 79025K, committed 80000K, reserved 557056K
  class space    used 10911K, committed 11328K, reserved 425984K
}
Event: 198.205 GC heap before
{Heap before GC invocations=47 (full 0):
 garbage-first heap   total 190464K, used 145995K [0x0000000080000000, 0x0000000100000000)
  region size 1024K, 52 young (53248K), 1 survivors (1024K)
 Metaspace       used 81600K, committed 82496K, reserved 557056K
  class space    used 11256K, committed 11648K, reserved 425984K
}
Event: 198.213 GC heap after
{Heap after GC invocations=48 (full 0):
 garbage-first heap   total 190464K, used 96448K [0x0000000080000000, 0x0000000100000000)
  region size 1024K, 3 young (3072K), 3 survivors (3072K)
 Metaspace       used 81600K, committed 82496K, reserved 557056K
  class space    used 11256K, committed 11648K, reserved 425984K
}

Deoptimization events (20 events):
Event: 196.618 Thread 0x000001eb23f8cbe0 Uncommon trap: trap_request=0xffffffbe fr.pc=0x000001eb7386cc28 relative=0x0000000000001f48
Event: 196.618 Thread 0x000001eb23f8cbe0 Uncommon trap: reason=profile_predicate action=maybe_recompile pc=0x000001eb7386cc28 method=sun.security.ssl.SSLTransport.decode(Lsun/security/ssl/TransportContext;[Ljava/nio/ByteBuffer;II[Ljava/nio/ByteBuffer;II)Lsun/security/ssl/Plaintext; @ 178 c2
Event: 196.618 Thread 0x000001eb23f8cbe0 DEOPT PACKING pc=0x000001eb7386cc28 sp=0x000000ce834f39d0
Event: 196.618 Thread 0x000001eb23f8cbe0 DEOPT UNPACKING pc=0x000001eb72d523a3 sp=0x000000ce834f3998 mode 2
Event: 196.619 Thread 0x000001eb23f8cbe0 Uncommon trap: trap_request=0xffffffbe fr.pc=0x000001eb7386cc28 relative=0x0000000000001f48
Event: 196.619 Thread 0x000001eb23f8cbe0 Uncommon trap: reason=profile_predicate action=maybe_recompile pc=0x000001eb7386cc28 method=sun.security.ssl.SSLTransport.decode(Lsun/security/ssl/TransportContext;[Ljava/nio/ByteBuffer;II[Ljava/nio/ByteBuffer;II)Lsun/security/ssl/Plaintext; @ 178 c2
Event: 196.619 Thread 0x000001eb23f8cbe0 DEOPT PACKING pc=0x000001eb7386cc28 sp=0x000000ce834f39d0
Event: 196.619 Thread 0x000001eb23f8cbe0 DEOPT UNPACKING pc=0x000001eb72d523a3 sp=0x000000ce834f3998 mode 2
Event: 196.619 Thread 0x000001eb23f8cbe0 Uncommon trap: trap_request=0xffffffbe fr.pc=0x000001eb7386cc28 relative=0x0000000000001f48
Event: 196.619 Thread 0x000001eb23f8cbe0 Uncommon trap: reason=profile_predicate action=maybe_recompile pc=0x000001eb7386cc28 method=sun.security.ssl.SSLTransport.decode(Lsun/security/ssl/TransportContext;[Ljava/nio/ByteBuffer;II[Ljava/nio/ByteBuffer;II)Lsun/security/ssl/Plaintext; @ 178 c2
Event: 196.619 Thread 0x000001eb23f8cbe0 DEOPT PACKING pc=0x000001eb7386cc28 sp=0x000000ce834f39d0
Event: 196.619 Thread 0x000001eb23f8cbe0 DEOPT UNPACKING pc=0x000001eb72d523a3 sp=0x000000ce834f3998 mode 2
Event: 197.276 Thread 0x000001eb2696ca90 Uncommon trap: trap_request=0xffffffbe fr.pc=0x000001eb7386cc28 relative=0x0000000000001f48
Event: 197.276 Thread 0x000001eb2696ca90 Uncommon trap: reason=profile_predicate action=maybe_recompile pc=0x000001eb7386cc28 method=sun.security.ssl.SSLTransport.decode(Lsun/security/ssl/TransportContext;[Ljava/nio/ByteBuffer;II[Ljava/nio/ByteBuffer;II)Lsun/security/ssl/Plaintext; @ 178 c2
Event: 197.276 Thread 0x000001eb2696ca90 DEOPT PACKING pc=0x000001eb7386cc28 sp=0x000000ce8a0fc9a0
Event: 197.276 Thread 0x000001eb2696ca90 DEOPT UNPACKING pc=0x000001eb72d523a3 sp=0x000000ce8a0fc968 mode 2
Event: 197.286 Thread 0x000001eb23f8cbe0 Uncommon trap: trap_request=0xffffffbe fr.pc=0x000001eb7386cc28 relative=0x0000000000001f48
Event: 197.287 Thread 0x000001eb23f8cbe0 Uncommon trap: reason=profile_predicate action=maybe_recompile pc=0x000001eb7386cc28 method=sun.security.ssl.SSLTransport.decode(Lsun/security/ssl/TransportContext;[Ljava/nio/ByteBuffer;II[Ljava/nio/ByteBuffer;II)Lsun/security/ssl/Plaintext; @ 178 c2
Event: 197.287 Thread 0x000001eb23f8cbe0 DEOPT PACKING pc=0x000001eb7386cc28 sp=0x000000ce834f27c0
Event: 197.287 Thread 0x000001eb23f8cbe0 DEOPT UNPACKING pc=0x000001eb72d523a3 sp=0x000000ce834f2788 mode 2

Classes unloaded (0 events):
No events

Classes redefined (0 events):
No events

Internal exceptions (20 events):
Event: 187.641 Thread 0x000001eb23f8cbe0 Implicit null exception at 0x000001eb7331bbbe to 0x000001eb7331ea00
Event: 190.643 Thread 0x000001eb23f8cbe0 Exception <a 'java/lang/ClassNotFoundException'{0x000000008b433a30}: org/jetbrains/kotlin/gradle/targets/js/npm/DefaultNpmDependencyExtensionBeanInfo> (0x000000008b433a30) 
thrown [s\open\src\hotspot\share\classfile\systemDictionary.cpp, line 256]
Event: 190.643 Thread 0x000001eb23f8cbe0 Exception <a 'java/lang/ClassNotFoundException'{0x000000008b43c618}: org/jetbrains/kotlin/gradle/targets/js/npm/DefaultNpmDependencyExtensionCustomizer> (0x000000008b43c618) 
thrown [s\open\src\hotspot\share\classfile\systemDictionary.cpp, line 256]
Event: 190.673 Thread 0x000001eb23f8cbe0 Exception <a 'java/lang/ClassNotFoundException'{0x000000008b4bedf8}: org/jetbrains/kotlin/gradle/targets/js/npm/NpmDependencyExtensionKt$defaultNpmDependencyDelegate$1BeanInfo> (0x000000008b4bedf8) 
thrown [s\open\src\hotspot\share\classfile\systemDictionary.cpp, line 256]
Event: 190.673 Thread 0x000001eb23f8cbe0 Exception <a 'java/lang/ClassNotFoundException'{0x000000008b4c8770}: org/jetbrains/kotlin/gradle/targets/js/npm/NpmDependencyExtensionDelegateBeanInfo> (0x000000008b4c8770) 
thrown [s\open\src\hotspot\share\classfile\systemDictionary.cpp, line 256]
Event: 190.673 Thread 0x000001eb23f8cbe0 Exception <a 'java/lang/ClassNotFoundException'{0x000000008b4d20b0}: org/jetbrains/kotlin/gradle/targets/js/npm/NpmDependencyExtensionDelegateCustomizer> (0x000000008b4d20b0) 
thrown [s\open\src\hotspot\share\classfile\systemDictionary.cpp, line 256]
Event: 190.680 Thread 0x000001eb23f8cbe0 Exception <a 'java/lang/ClassNotFoundException'{0x000000008b304fc8}: org/jetbrains/kotlin/gradle/targets/js/npm/NpmDependencyExtensionKt$defaultNpmDependencyDelegate$1Customizer> (0x000000008b304fc8) 
thrown [s\open\src\hotspot\share\classfile\systemDictionary.cpp, line 256]
Event: 190.697 Thread 0x000001eb23f8cbe0 Exception <a 'java/lang/ClassNotFoundException'{0x000000008b33e158}: org/jetbrains/kotlin/gradle/targets/js/npm/DefaultDevNpmDependencyExtensionBeanInfo> (0x000000008b33e158) 
thrown [s\open\src\hotspot\share\classfile\systemDictionary.cpp, line 256]
Event: 190.697 Thread 0x000001eb23f8cbe0 Exception <a 'java/lang/ClassNotFoundException'{0x000000008b346d50}: org/jetbrains/kotlin/gradle/targets/js/npm/DefaultDevNpmDependencyExtensionCustomizer> (0x000000008b346d50) 
thrown [s\open\src\hotspot\share\classfile\systemDictionary.cpp, line 256]
Event: 190.713 Thread 0x000001eb23f8cbe0 Exception <a 'java/lang/ClassNotFoundException'{0x000000008b38b790}: org/jetbrains/kotlin/gradle/targets/js/npm/DefaultPeerNpmDependencyExtensionBeanInfo> (0x000000008b38b790) 
thrown [s\open\src\hotspot\share\classfile\systemDictionary.cpp, line 256]
Event: 190.714 Thread 0x000001eb23f8cbe0 Exception <a 'java/lang/ClassNotFoundException'{0x000000008b394390}: org/jetbrains/kotlin/gradle/targets/js/npm/DefaultPeerNpmDependencyExtensionCustomizer> (0x000000008b394390) 
thrown [s\open\src\hotspot\share\classfile\systemDictionary.cpp, line 256]
Event: 190.730 Thread 0x000001eb23f8cbe0 Exception <a 'java/lang/ClassNotFoundException'{0x000000008b3e1c38}: org/jetbrains/kotlin/gradle/targets/js/npm/DefaultPeerNpmDependencyExtension$delegate$1BeanInfo> (0x000000008b3e1c38) 
thrown [s\open\src\hotspot\share\classfile\systemDictionary.cpp, line 256]
Event: 190.730 Thread 0x000001eb23f8cbe0 Exception <a 'java/lang/ClassNotFoundException'{0x000000008b3eab78}: org/jetbrains/kotlin/gradle/targets/js/npm/DefaultPeerNpmDependencyExtension$delegate$1Customizer> (0x000000008b3eab78) 
thrown [s\open\src\hotspot\share\classfile\systemDictionary.cpp, line 256]
Event: 190.814 Thread 0x000001eb23f8cbe0 Exception <a 'java/lang/NoSuchMethodError'{0x000000008b103bc0}: static Lorg/jetbrains/kotlin/gradle/plugin/internal/DefaultIdeaSyncDetector$createIdeaPropertiesEvaluator$1;.<clinit>()V> (0x000000008b103bc0) 
thrown [s\open\src\hotspot\share\prims\jni.cpp, line 1112]
Event: 193.878 Thread 0x000001eb23f8cbe0 Implicit null exception at 0x000001eb737e3d2a to 0x000001eb737eb28c
Event: 196.618 Thread 0x000001eb23f8cbe0 Implicit null exception at 0x000001eb7386b484 to 0x000001eb7386cc10
Event: 196.619 Thread 0x000001eb23f8cbe0 Implicit null exception at 0x000001eb7386b484 to 0x000001eb7386cc10
Event: 196.619 Thread 0x000001eb23f8cbe0 Implicit null exception at 0x000001eb7386b484 to 0x000001eb7386cc10
Event: 197.275 Thread 0x000001eb2696ca90 Implicit null exception at 0x000001eb7386b484 to 0x000001eb7386cc10
Event: 197.286 Thread 0x000001eb23f8cbe0 Implicit null exception at 0x000001eb7386b484 to 0x000001eb7386cc10

VM Operations (20 events):
Event: 191.358 Executing VM operation: Cleanup
Event: 191.359 Executing VM operation: Cleanup done
Event: 192.594 Executing VM operation: HandshakeAllThreads
Event: 192.597 Executing VM operation: HandshakeAllThreads done
Event: 193.606 Executing VM operation: Cleanup
Event: 193.624 Executing VM operation: Cleanup done
Event: 194.144 Executing VM operation: HandshakeAllThreads
Event: 194.146 Executing VM operation: HandshakeAllThreads done
Event: 195.081 Executing VM operation: HandshakeAllThreads
Event: 195.082 Executing VM operation: HandshakeAllThreads done
Event: 195.082 Executing VM operation: Cleanup
Event: 195.083 Executing VM operation: Cleanup done
Event: 195.489 Executing VM operation: HandshakeAllThreads
Event: 195.490 Executing VM operation: HandshakeAllThreads done
Event: 196.492 Executing VM operation: Cleanup
Event: 196.492 Executing VM operation: Cleanup done
Event: 197.508 Executing VM operation: Cleanup
Event: 197.509 Executing VM operation: Cleanup done
Event: 198.204 Executing VM operation: G1CollectForAllocation
Event: 198.214 Executing VM operation: G1CollectForAllocation done

Events (20 events):
Event: 194.984 loading class sun/reflect/annotation/AnnotationInvocationHandler$1 done
Event: 195.120 loading class java/util/stream/ReduceOps$5
Event: 195.122 loading class java/util/stream/ReduceOps$5 done
Event: 195.122 loading class java/util/stream/ReduceOps$CountingSink$OfRef
Event: 195.123 loading class java/util/stream/ReduceOps$CountingSink
Event: 195.124 loading class java/util/stream/ReduceOps$CountingSink done
Event: 195.124 loading class java/util/stream/ReduceOps$CountingSink$OfRef done
Event: 196.164 Thread 0x000001eb253aacd0 Thread exited: 0x000001eb253aacd0
Event: 196.941 Thread 0x000001eb2696ca90 Thread added: 0x000001eb2696ca90
Event: 196.942 Thread 0x000001eb2696c070 Thread added: 0x000001eb2696c070
Event: 198.029 Thread 0x000001eb2696c580 Thread added: 0x000001eb2696c580
Event: 198.042 Thread 0x000001eb2696cfa0 Thread added: 0x000001eb2696cfa0
Event: 198.088 Thread 0x000001eb2696e8f0 Thread added: 0x000001eb2696e8f0
Event: 198.090 Thread 0x000001eb2696f310 Thread added: 0x000001eb2696f310
Event: 198.091 Thread 0x000001eb2696f820 Thread added: 0x000001eb2696f820
Event: 198.095 Thread 0x000001eb2696d4b0 Thread added: 0x000001eb2696d4b0
Event: 198.098 Thread 0x000001eb2696d9c0 Thread added: 0x000001eb2696d9c0
Event: 198.106 Thread 0x000001eb2696ded0 Thread added: 0x000001eb2696ded0
Event: 198.119 Thread 0x000001eb2696ee00 Thread added: 0x000001eb2696ee00
Event: 198.146 Thread 0x000001eb266d3090 Thread added: 0x000001eb266d3090


Dynamic libraries:
0x00007ff77d030000 - 0x00007ff77d040000 	C:\Program Files\Java\jdk-17\bin\java.exe
0x00007ff99b710000 - 0x00007ff99b927000 	C:\Windows\SYSTEM32\ntdll.dll
0x00007ff999ee0000 - 0x00007ff999fa4000 	C:\Windows\System32\KERNEL32.DLL
0x00007ff998fd0000 - 0x00007ff9993a0000 	C:\Windows\System32\KERNELBASE.dll
0x00007ff998810000 - 0x00007ff998921000 	C:\Windows\System32\ucrtbase.dll
0x00007ff9847a0000 - 0x00007ff9847b9000 	C:\Program Files\Java\jdk-17\bin\jli.dll
0x00007ff999820000 - 0x00007ff9998d1000 	C:\Windows\System32\ADVAPI32.dll
0x00007ff999500000 - 0x00007ff9995a7000 	C:\Windows\System32\msvcrt.dll
0x00007ff973dd0000 - 0x00007ff973deb000 	C:\Program Files\Java\jdk-17\bin\VCRUNTIME140.dll
0x00007ff999fb0000 - 0x00007ff99a058000 	C:\Windows\System32\sechost.dll
0x00007ff998b10000 - 0x00007ff998b38000 	C:\Windows\System32\bcrypt.dll
0x00007ff99b490000 - 0x00007ff99b5a8000 	C:\Windows\System32\RPCRT4.dll
0x00007ff99a0e0000 - 0x00007ff99a291000 	C:\Windows\System32\USER32.dll
0x00007ff998fa0000 - 0x00007ff998fc6000 	C:\Windows\System32\win32u.dll
0x00007ff981980000 - 0x00007ff981c1c000 	C:\Windows\WinSxS\amd64_microsoft.windows.common-controls_6595b64144ccf1df_6.0.22621.5840_none_2710ea077384a4fe\COMCTL32.dll
0x00007ff99a2a0000 - 0x00007ff99a2c9000 	C:\Windows\System32\GDI32.dll
0x00007ff998b40000 - 0x00007ff998c63000 	C:\Windows\System32\gdi32full.dll
0x00007ff998a70000 - 0x00007ff998b0a000 	C:\Windows\System32\msvcp_win.dll
0x00007ff982320000 - 0x00007ff98232a000 	C:\Windows\SYSTEM32\VERSION.dll
0x00007ff99b0b0000 - 0x00007ff99b0e1000 	C:\Windows\System32\IMM32.DLL
0x00007ff9848f0000 - 0x00007ff9848fc000 	C:\Program Files\Java\jdk-17\bin\vcruntime140_1.dll
0x00007ff940e00000 - 0x00007ff940e8e000 	C:\Program Files\Java\jdk-17\bin\msvcp140.dll
0x00007ff8f58b0000 - 0x00007ff8f6490000 	C:\Program Files\Java\jdk-17\bin\server\jvm.dll
0x00007ff99b5b0000 - 0x00007ff99b5b8000 	C:\Windows\System32\PSAPI.DLL
0x00007ff978650000 - 0x00007ff978659000 	C:\Windows\SYSTEM32\WSOCK32.dll
0x00007ff999640000 - 0x00007ff9996b1000 	C:\Windows\System32\WS2_32.dll
0x00007ff98fdb0000 - 0x00007ff98fde4000 	C:\Windows\SYSTEM32\WINMM.dll
0x00007ff997870000 - 0x00007ff997888000 	C:\Windows\SYSTEM32\kernel.appcore.dll
0x00007ff96b120000 - 0x00007ff96b12a000 	C:\Program Files\Java\jdk-17\bin\jimage.dll
0x00007ff996230000 - 0x00007ff996463000 	C:\Windows\SYSTEM32\DBGHELP.DLL
0x00007ff99b0f0000 - 0x00007ff99b481000 	C:\Windows\System32\combase.dll
0x00007ff999d70000 - 0x00007ff999e48000 	C:\Windows\System32\OLEAUT32.dll
0x00007ff981e40000 - 0x00007ff981e72000 	C:\Windows\SYSTEM32\dbgcore.DLL
0x00007ff998930000 - 0x00007ff9989ab000 	C:\Windows\System32\bcryptPrimitives.dll
0x00007ff96b050000 - 0x00007ff96b05e000 	C:\Program Files\Java\jdk-17\bin\instrument.dll
0x00007ff960890000 - 0x00007ff9608b5000 	C:\Program Files\Java\jdk-17\bin\java.dll
0x00007ff940c10000 - 0x00007ff940ce7000 	C:\Program Files\Java\jdk-17\bin\jsvml.dll
0x00007ff99a2d0000 - 0x00007ff99ab71000 	C:\Windows\System32\SHELL32.dll
0x00007ff998c70000 - 0x00007ff998daf000 	C:\Windows\System32\wintypes.dll
0x00007ff9966e0000 - 0x00007ff996ffa000 	C:\Windows\SYSTEM32\windows.storage.dll
0x00007ff9993a0000 - 0x00007ff9994aa000 	C:\Windows\System32\SHCORE.dll
0x00007ff99a060000 - 0x00007ff99a0c9000 	C:\Windows\System32\shlwapi.dll
0x00007ff998740000 - 0x00007ff998765000 	C:\Windows\SYSTEM32\profapi.dll
0x00007ff96a7f0000 - 0x00007ff96a808000 	C:\Program Files\Java\jdk-17\bin\zip.dll
0x00007ff967780000 - 0x00007ff967799000 	C:\Program Files\Java\jdk-17\bin\net.dll
0x00007ff992cc0000 - 0x00007ff992dec000 	C:\Windows\SYSTEM32\WINHTTP.dll
0x00007ff997db0000 - 0x00007ff997e19000 	C:\Windows\system32\mswsock.dll
0x00007ff95f3d0000 - 0x00007ff95f3e6000 	C:\Program Files\Java\jdk-17\bin\nio.dll
0x00007ff967680000 - 0x00007ff967690000 	C:\Program Files\Java\jdk-17\bin\verify.dll
0x00007ff960e10000 - 0x00007ff960e37000 	C:\Users\speed\.gradle\native\1def1411415f61bf3af743bc5b6707747c0891f09f0c88961ee8f79bc544acac\windows-amd64\native-platform.dll
0x00007ff9395b0000 - 0x00007ff939628000 	C:\Users\speed\.gradle\native\0.2.7\x86_64-windows-gnu\gradle-fileevents.dll
0x00007ff967520000 - 0x00007ff96752a000 	C:\Program Files\Java\jdk-17\bin\management.dll
0x00007ff967340000 - 0x00007ff96734b000 	C:\Program Files\Java\jdk-17\bin\management_ext.dll
0x00007ff9972e0000 - 0x00007ff99730d000 	C:\Windows\SYSTEM32\IPHLPAPI.DLL
0x00007ff999630000 - 0x00007ff999639000 	C:\Windows\System32\NSI.dll
0x00007ff991a50000 - 0x00007ff991a69000 	C:\Windows\SYSTEM32\dhcpcsvc6.DLL
0x00007ff991a30000 - 0x00007ff991a4f000 	C:\Windows\SYSTEM32\dhcpcsvc.DLL
0x00007ff997310000 - 0x00007ff997408000 	C:\Windows\SYSTEM32\DNSAPI.dll
0x00007ff998000000 - 0x00007ff99801b000 	C:\Windows\SYSTEM32\CRYPTSP.dll
0x00007ff997830000 - 0x00007ff997867000 	C:\Windows\system32\rsaenh.dll
0x00007ff997ea0000 - 0x00007ff997ec8000 	C:\Windows\SYSTEM32\USERENV.dll
0x00007ff998020000 - 0x00007ff99802c000 	C:\Windows\SYSTEM32\CRYPTBASE.dll
0x00007ff966330000 - 0x00007ff96633e000 	C:\Program Files\Java\jdk-17\bin\sunmscapi.dll
0x00007ff998db0000 - 0x00007ff998f18000 	C:\Windows\System32\CRYPT32.dll
0x00007ff9981c0000 - 0x00007ff9981ed000 	C:\Windows\SYSTEM32\ncrypt.dll
0x00007ff998180000 - 0x00007ff9981b7000 	C:\Windows\SYSTEM32\NTASN1.dll
0x00007ff96f400000 - 0x00007ff96f408000 	C:\Windows\system32\wshunix.dll
0x00007ff9906f0000 - 0x00007ff9906fa000 	C:\Windows\System32\rasadhlp.dll
0x00007ff98f870000 - 0x00007ff98f8f4000 	C:\Windows\System32\fwpuclnt.dll
0x00007ff97c530000 - 0x00007ff97c547000 	C:\Windows\system32\napinsp.dll
0x00007ff97c380000 - 0x00007ff97c39b000 	C:\Windows\system32\pnrpnsp.dll
0x00007ff9796d0000 - 0x00007ff9796e1000 	C:\Windows\System32\winrnr.dll
0x00007ff9796b0000 - 0x00007ff9796c5000 	C:\Windows\system32\wshbth.dll
0x00007ff979680000 - 0x00007ff9796a1000 	C:\Windows\system32\nlansp_c.dll

dbghelp: loaded successfully - version: 4.0.5 - missing functions: none
symbol engine: initialized successfully - sym options: 0x614 - pdb path: .;C:\Program Files\Java\jdk-17\bin;C:\Windows\SYSTEM32;C:\Windows\WinSxS\amd64_microsoft.windows.common-controls_6595b64144ccf1df_6.0.22621.5840_none_2710ea077384a4fe;C:\Program Files\Java\jdk-17\bin\server;C:\Users\speed\.gradle\native\1def1411415f61bf3af743bc5b6707747c0891f09f0c88961ee8f79bc544acac\windows-amd64;C:\Users\speed\.gradle\native\0.2.7\x86_64-windows-gnu

VM Arguments:
jvm_args: --add-opens=java.base/java.lang=ALL-UNNAMED --add-opens=java.base/java.lang.invoke=ALL-UNNAMED --add-opens=java.base/java.util=ALL-UNNAMED --add-opens=java.prefs/java.util.prefs=ALL-UNNAMED --add-exports=jdk.compiler/com.sun.tools.javac.api=ALL-UNNAMED --add-exports=jdk.compiler/com.sun.tools.javac.util=ALL-UNNAMED --add-opens=java.base/java.util=ALL-UNNAMED --add-opens=java.prefs/java.util.prefs=ALL-UNNAMED --add-opens=java.base/java.nio.charset=ALL-UNNAMED --add-opens=java.base/java.net=ALL-UNNAMED --add-opens=java.base/java.util.concurrent.atomic=ALL-UNNAMED --add-opens=java.xml/javax.xml.namespace=ALL-UNNAMED -XX:MaxMetaspaceSize=512m -Xmx2048m -Dfile.encoding=UTF-8 -Duser.country=US -Duser.language=en -Duser.variant -javaagent:C:\Users\speed\.gradle\wrapper\dists\gradle-8.13-bin\5xuhj0ry160q40clulazy9h7d\gradle-8.13\lib\agents\gradle-instrumentation-agent-8.13.jar 
java_command: org.gradle.launcher.daemon.bootstrap.GradleDaemon 8.13
java_class_path (initial): C:\Users\speed\.gradle\wrapper\dists\gradle-8.13-bin\5xuhj0ry160q40clulazy9h7d\gradle-8.13\lib\gradle-daemon-main-8.13.jar
Launcher Type: SUN_STANDARD

[Global flags]
     intx CICompilerCount                          = 4                                         {product} {ergonomic}
   size_t CompressedClassSpaceSize                 = 436207616                                 {product} {ergonomic}
     uint ConcGCThreads                            = 3                                         {product} {ergonomic}
     uint G1ConcRefinementThreads                  = 10                                        {product} {ergonomic}
   size_t G1HeapRegionSize                         = 1048576                                   {product} {ergonomic}
    uintx GCDrainStackTargetSize                   = 64                                        {product} {ergonomic}
   size_t InitialHeapSize                          = 130023424                                 {product} {ergonomic}
   size_t MarkStackSize                            = 4194304                                   {product} {ergonomic}
   size_t MaxHeapSize                              = 2147483648                                {product} {command line}
   size_t MaxMetaspaceSize                         = 536870912                                 {product} {command line}
   size_t MaxNewSize                               = 1287651328                                {product} {ergonomic}
   size_t MinHeapDeltaBytes                        = 1048576                                   {product} {ergonomic}
   size_t MinHeapSize                              = 8388608                                   {product} {ergonomic}
    uintx NonNMethodCodeHeapSize                   = 5839372                                {pd product} {ergonomic}
    uintx NonProfiledCodeHeapSize                  = 122909434                              {pd product} {ergonomic}
    uintx ProfiledCodeHeapSize                     = 122909434                              {pd product} {ergonomic}
    uintx ReservedCodeCacheSize                    = 251658240                              {pd product} {ergonomic}
     bool SegmentedCodeCache                       = true                                      {product} {ergonomic}
   size_t SoftMaxHeapSize                          = 2147483648                             {manageable} {ergonomic}
     bool UseCompressedClassPointers               = true                           {product lp64_product} {ergonomic}
     bool UseCompressedOops                        = true                           {product lp64_product} {ergonomic}
     bool UseG1GC                                  = true                                      {product} {ergonomic}
     bool UseLargePagesIndividualAllocation        = false                                  {pd product} {ergonomic}

Logging:
Log output configuration:
 #0: stdout all=warning uptime,level,tags
 #1: stderr all=off uptime,level,tags

Environment Variables:
JAVA_HOME=C:\Program Files\Java\jdk-17
PATH=C:\Program Files\Common Files\Oracle\Java\javapath;C:\Windows\system32;C:\Windows;C:\Program Files\PostgreSQL\17\bin;C:\Windows\System32\Wbem;C:\Windows\System32\WindowsPowerShell\v1.0\;C:\Windows\System32\OpenSSH\;C:\python;C:\xampp\php;C:\ProgramData\ComposerSetup\bin;C:\Program Files\Microsoft SQL Server\130\Tools\Binn\;C:\Users\speed\AppData\Roaming\nvm;C:\Program Files\nodejs;C:\Program Files\Git\cmd;C:\Program Files\dotnet\;C:\Program Files\nodejs\;C:\Program Files\PuTTY\;C:\Program Files\Tesseract-OCR;C:\Program Files\Java\jdk-17\bin;C:\Program Files\cursor\resources\app\bin;C:\python\Scripts\;C:\python\;C:\Users\speed\AppData\Local\Programs\Python\Python313\Scripts\;C:\Users\speed\AppData\Local\Programs\Python\Python313\;C:\Users\speed\AppData\Local\Programs\Python\Launcher\;C:\Users\speed\AppData\Local\Programs\Python\Python312\Scripts\;C:\Users\speed\AppData\Local\Programs\Python\Python312\;C:\Users\speed\AppData\Local\Microsoft\WindowsApps;C:\Users\speed\AppData\Local\Programs\Microsoft VS Code\bin;C:\Users\speed\AppData\Local\GitHubDesktop\bin;C:\Users\speed\AppData\Roaming\Composer\vendor\bin;C:\flutter\bin;C:\Users\speed\AppData\Local\Microsoft\WinGet\Packages\Schniz.fnm_Microsoft.Winget.Source_8wekyb3d8bbwe;C:\Users\speed\AppData\Local\Android\Sdk\platform-tools;C:\Users\speed\AppData\Local\Android\Sdk\tools;C:\Users\speed\AppData\Local\Android\Sdk\tools\bin;C:\Users\speed\AppData\Roaming\nvm;C:\Program Files\nodejs;C:\Users\speed\AppData\Roaming\npm;C:\Users\speed\AppData\Local\Google\Cloud SDK\google-cloud-sdk\bin;C:\Users\speed\AppData\Local\Android\Sdk\platform-tools;C:\Users\speed\AppData\Local\Android\Sdk\emulator;C:\Users\speed\AppData\Local\Android\Sdk\tools;C:\Users\speed\AppData\Local\Android\Sdk\tools\bin;C:\Users\speed\AppData\Roaming\npm;
USERNAME=Azhar's
OS=Windows_NT
PROCESSOR_IDENTIFIER=Intel64 Family 6 Model 154 Stepping 4, GenuineIntel



---------------  S Y S T E M  ---------------

OS:
 Windows 11 , 64 bit Build 22621 (10.0.22621.5415)
OS uptime: 4 days 18:55 hours

CPU: total 12 (initial active 12) (6 cores per cpu, 2 threads per core) family 6 model 154 stepping 4 microcode 0x424, cx8, cmov, fxsr, ht, mmx, 3dnowpref, sse, sse2, sse3, ssse3, sse4.1, sse4.2, popcnt, lzcnt, tsc, tscinvbit, avx, avx2, aes, erms, clmul, bmi1, bmi2, adx, sha, fma, vzeroupper, clflush, clflushopt, clwb

Memory: 4k page, system-wide physical 7916M (517M free)
TotalPageFile size 19760M (AvailPageFile size 0M)
current process WorkingSet (physical memory assigned to process): 402M, peak: 409M
current process commit charge ("private bytes"): 472M, peak: 487M

vm_info: Java HotSpot(TM) 64-Bit Server VM (17.0.12+8-LTS-286) for windows-amd64 JRE (17.0.12+8-LTS-286), built on Jun  5 2024 06:46:59 by "mach5one" with MS VC++ 17.6 (VS2022)

END.
