#
# There is insufficient memory for the Java Runtime Environment to continue.
# Native memory allocation (malloc) failed to allocate 158976 bytes for Chunk::new
# Possible reasons:
#   The system is out of physical RAM or swap space
#   The process is running with CompressedOops enabled, and the Java Heap may be blocking the growth of the native heap
# Possible solutions:
#   Reduce memory load on the system
#   Increase physical memory or swap space
#   Check if swap backing store is full
#   Decrease Java heap size (-Xmx/-Xms)
#   Decrease number of Java threads
#   Decrease Java thread stack sizes (-Xss)
#   Set larger code cache with -XX:ReservedCodeCacheSize=
#   JVM is running with Unscaled Compressed Oops mode in which the Java heap is
#     placed in the first 4GB address space. The Java Heap base address is the
#     maximum limit for the native heap growth. Please use -XX:HeapBaseMinAddress
#     to set the Java Heap base and to place the Java Heap above 4GB virtual address.
# This output file may be truncated or incomplete.
#
#  Out of Memory Error (arena.cpp:189), pid=18268, tid=11620
#
# JRE version: Java(TM) SE Runtime Environment (17.0.12+8) (build 17.0.12+8-LTS-286)
# Java VM: Java HotSpot(TM) 64-Bit Server VM (17.0.12+8-LTS-286, mixed mode, sharing, tiered, compressed oops, compressed class ptrs, g1 gc, windows-amd64)
# No core dump will be written. Minidumps are not enabled by default on client versions of Windows
#

---------------  S U M M A R Y ------------

Command Line: org.jetbrains.kotlin.cli.jvm.K2JVMCompiler @D:\TempAppWorking\node_modules\@react-native\gradle-plugin\shared\build\20250929_16268629713405481074.compiler.options

Host: 12th Gen Intel(R) Core(TM) i5-1235U, 12 cores, 7G,  Windows 11 , 64 bit Build 22621 (10.0.22621.5415)
Time: Mon Sep 29 11:36:50 2025 Central Daylight Time elapsed time: 1.567393 seconds (0d 0h 0m 1s)

---------------  T H R E A D  ---------------

Current thread (0x00000238cd27d0b0):  JavaThread "C2 CompilerThread0" daemon [_thread_in_native, id=11620, stack(0x0000009ca8500000,0x0000009ca8600000)]


Current CompileTask:
C2:   1567  477       4       java.lang.StringLatin1::replace (198 bytes)

Stack: [0x0000009ca8500000,0x0000009ca8600000]
Native frames: (J=compiled Java code, j=interpreted, Vv=VM code, C=native code)
V  [jvm.dll+0x67a04a]
V  [jvm.dll+0x7da4ed]
V  [jvm.dll+0x7dbe33]
V  [jvm.dll+0x7dc4a3]
V  [jvm.dll+0x24508f]
V  [jvm.dll+0xab773]
V  [jvm.dll+0xabd3c]
V  [jvm.dll+0x2aa52f]
V  [jvm.dll+0x581eb9]
V  [jvm.dll+0x21f422]
V  [jvm.dll+0x21f81f]
V  [jvm.dll+0x218aa0]
V  [jvm.dll+0x215b65]
V  [jvm.dll+0x1a2960]
V  [jvm.dll+0x22610b]
V  [jvm.dll+0x2242ab]
V  [jvm.dll+0x79075c]
V  [jvm.dll+0x78abea]
V  [jvm.dll+0x678f35]
C  [ucrtbase.dll+0x29333]
C  [KERNEL32.DLL+0x1259d]
C  [ntdll.dll+0x5af78]


---------------  P R O C E S S  ---------------

Threads class SMR info:
_java_thread_list=0x00000238cd6bcfe0, length=12, elements={
0x00000238aeeb6440, 0x00000238cd2634b0, 0x00000238cd264230, 0x00000238cd27a990,
0x00000238cd27b260, 0x00000238cd27bb30, 0x00000238cd27c400, 0x00000238cd27d0b0,
0x00000238cd27da70, 0x00000238cd400800, 0x00000238cd4c7890, 0x00000238cd4d3820
}

Java Threads: ( => current thread )
  0x00000238aeeb6440 JavaThread "main" [_thread_in_vm, id=23032, stack(0x0000009ca7800000,0x0000009ca7900000)]
  0x00000238cd2634b0 JavaThread "Reference Handler" daemon [_thread_blocked, id=22448, stack(0x0000009ca7f00000,0x0000009ca8000000)]
  0x00000238cd264230 JavaThread "Finalizer" daemon [_thread_blocked, id=12316, stack(0x0000009ca8000000,0x0000009ca8100000)]
  0x00000238cd27a990 JavaThread "Signal Dispatcher" daemon [_thread_blocked, id=24432, stack(0x0000009ca8100000,0x0000009ca8200000)]
  0x00000238cd27b260 JavaThread "Attach Listener" daemon [_thread_blocked, id=4268, stack(0x0000009ca8200000,0x0000009ca8300000)]
  0x00000238cd27bb30 JavaThread "Service Thread" daemon [_thread_blocked, id=17704, stack(0x0000009ca8300000,0x0000009ca8400000)]
  0x00000238cd27c400 JavaThread "Monitor Deflation Thread" daemon [_thread_blocked, id=30984, stack(0x0000009ca8400000,0x0000009ca8500000)]
=>0x00000238cd27d0b0 JavaThread "C2 CompilerThread0" daemon [_thread_in_native, id=11620, stack(0x0000009ca8500000,0x0000009ca8600000)]
  0x00000238cd27da70 JavaThread "C1 CompilerThread0" daemon [_thread_blocked, id=30744, stack(0x0000009ca8600000,0x0000009ca8700000)]
  0x00000238cd400800 JavaThread "Sweeper thread" daemon [_thread_blocked, id=18012, stack(0x0000009ca8700000,0x0000009ca8800000)]
  0x00000238cd4c7890 JavaThread "Notification Thread" daemon [_thread_blocked, id=28068, stack(0x0000009ca8800000,0x0000009ca8900000)]
  0x00000238cd4d3820 JavaThread "Common-Cleaner" daemon [_thread_blocked, id=14288, stack(0x0000009ca8a00000,0x0000009ca8b00000)]

Other Threads:
  0x00000238cd25d0f0 VMThread "VM Thread" [stack: 0x0000009ca7e00000,0x0000009ca7f00000] [id=23852]
  0x00000238cd4ce5a0 WatcherThread [stack: 0x0000009ca8900000,0x0000009ca8a00000] [id=9176]
  0x00000238aef11e00 GCTaskThread "GC Thread#0" [stack: 0x0000009ca7900000,0x0000009ca7a00000] [id=31196]
  0x00000238aef224d0 ConcurrentGCThread "G1 Main Marker" [stack: 0x0000009ca7a00000,0x0000009ca7b00000] [id=22672]
  0x00000238aef23680 ConcurrentGCThread "G1 Conc#0" [stack: 0x0000009ca7b00000,0x0000009ca7c00000] [id=13976]
  0x00000238aef7e570 ConcurrentGCThread "G1 Refine#0" [stack: 0x0000009ca7c00000,0x0000009ca7d00000] [id=15256]
  0x00000238cd1060d0 ConcurrentGCThread "G1 Service" [stack: 0x0000009ca7d00000,0x0000009ca7e00000] [id=1548]

Threads with active compile tasks:
C2 CompilerThread0     1600  477       4       java.lang.StringLatin1::replace (198 bytes)

VM state: not at safepoint (normal execution)

VM Mutex/Monitor currently owned by a thread: None

Heap address: 0x0000000084400000, size: 1980 MB, Compressed Oops mode: 32-bit

CDS archive(s) mapped at: [0x00000238ce000000-0x00000238cebd0000-0x00000238cebd0000), size 12386304, SharedBaseAddress: 0x00000238ce000000, ArchiveRelocationMode: 1.
Compressed class space mapped at: 0x00000238cf000000-0x000002390f000000, reserved size: 1073741824
Narrow klass base: 0x00000238ce000000, Narrow klass shift: 0, Narrow klass range: 0x100000000

GC Precious Log:
 CPUs: 12 total, 12 available
 Memory: 7916M
 Large Page Support: Disabled
 NUMA Support: Disabled
 Compressed Oops: Enabled (32-bit)
 Heap Region Size: 1M
 Heap Min Capacity: 8M
 Heap Initial Capacity: 124M
 Heap Max Capacity: 1980M
 Pre-touch: Disabled
 Parallel Workers: 10
 Concurrent Workers: 3
 Concurrent Refinement Workers: 10
 Periodic GC: Disabled

Heap:
 garbage-first heap   total 126976K, used 13312K [0x0000000084400000, 0x0000000100000000)
  region size 1024K, 11 young (11264K), 0 survivors (0K)
 Metaspace       used 3587K, committed 3712K, reserved 1114112K
  class space    used 245K, committed 320K, reserved 1048576K

Heap Regions: E=young(eden), S=young(survivor), O=old, HS=humongous(starts), HC=humongous(continues), CS=collection set, F=free, OA=open archive, CA=closed archive, TAMS=top-at-mark-start (previous, next)
|   0|0x0000000084400000, 0x0000000084500000, 0x0000000084500000|100%|HS|  |TAMS 0x0000000084400000, 0x0000000084400000| Complete 
|   1|0x0000000084500000, 0x0000000084600000, 0x0000000084600000|100%|HC|  |TAMS 0x0000000084500000, 0x0000000084500000| Complete 
|   2|0x0000000084600000, 0x0000000084700000, 0x0000000084700000|100%|HC|  |TAMS 0x0000000084600000, 0x0000000084600000| Complete 
|   3|0x0000000084700000, 0x0000000084800000, 0x0000000084800000|100%|HS|  |TAMS 0x0000000084700000, 0x0000000084700000| Complete 
|   4|0x0000000084800000, 0x0000000084800000, 0x0000000084900000|  0%| F|  |TAMS 0x0000000084800000, 0x0000000084800000| Untracked 
|   5|0x0000000084900000, 0x0000000084900000, 0x0000000084a00000|  0%| F|  |TAMS 0x0000000084900000, 0x0000000084900000| Untracked 
|   6|0x0000000084a00000, 0x0000000084a00000, 0x0000000084b00000|  0%| F|  |TAMS 0x0000000084a00000, 0x0000000084a00000| Untracked 
|   7|0x0000000084b00000, 0x0000000084b00000, 0x0000000084c00000|  0%| F|  |TAMS 0x0000000084b00000, 0x0000000084b00000| Untracked 
|   8|0x0000000084c00000, 0x0000000084c00000, 0x0000000084d00000|  0%| F|  |TAMS 0x0000000084c00000, 0x0000000084c00000| Untracked 
|   9|0x0000000084d00000, 0x0000000084d00000, 0x0000000084e00000|  0%| F|  |TAMS 0x0000000084d00000, 0x0000000084d00000| Untracked 
|  10|0x0000000084e00000, 0x0000000084e00000, 0x0000000084f00000|  0%| F|  |TAMS 0x0000000084e00000, 0x0000000084e00000| Untracked 
|  11|0x0000000084f00000, 0x0000000084f00000, 0x0000000085000000|  0%| F|  |TAMS 0x0000000084f00000, 0x0000000084f00000| Untracked 
|  12|0x0000000085000000, 0x0000000085000000, 0x0000000085100000|  0%| F|  |TAMS 0x0000000085000000, 0x0000000085000000| Untracked 
|  13|0x0000000085100000, 0x0000000085100000, 0x0000000085200000|  0%| F|  |TAMS 0x0000000085100000, 0x0000000085100000| Untracked 
|  14|0x0000000085200000, 0x0000000085200000, 0x0000000085300000|  0%| F|  |TAMS 0x0000000085200000, 0x0000000085200000| Untracked 
|  15|0x0000000085300000, 0x0000000085300000, 0x0000000085400000|  0%| F|  |TAMS 0x0000000085300000, 0x0000000085300000| Untracked 
|  16|0x0000000085400000, 0x0000000085400000, 0x0000000085500000|  0%| F|  |TAMS 0x0000000085400000, 0x0000000085400000| Untracked 
|  17|0x0000000085500000, 0x0000000085500000, 0x0000000085600000|  0%| F|  |TAMS 0x0000000085500000, 0x0000000085500000| Untracked 
|  18|0x0000000085600000, 0x0000000085600000, 0x0000000085700000|  0%| F|  |TAMS 0x0000000085600000, 0x0000000085600000| Untracked 
|  19|0x0000000085700000, 0x0000000085700000, 0x0000000085800000|  0%| F|  |TAMS 0x0000000085700000, 0x0000000085700000| Untracked 
|  20|0x0000000085800000, 0x0000000085800000, 0x0000000085900000|  0%| F|  |TAMS 0x0000000085800000, 0x0000000085800000| Untracked 
|  21|0x0000000085900000, 0x0000000085900000, 0x0000000085a00000|  0%| F|  |TAMS 0x0000000085900000, 0x0000000085900000| Untracked 
|  22|0x0000000085a00000, 0x0000000085a00000, 0x0000000085b00000|  0%| F|  |TAMS 0x0000000085a00000, 0x0000000085a00000| Untracked 
|  23|0x0000000085b00000, 0x0000000085b00000, 0x0000000085c00000|  0%| F|  |TAMS 0x0000000085b00000, 0x0000000085b00000| Untracked 
|  24|0x0000000085c00000, 0x0000000085c00000, 0x0000000085d00000|  0%| F|  |TAMS 0x0000000085c00000, 0x0000000085c00000| Untracked 
|  25|0x0000000085d00000, 0x0000000085d00000, 0x0000000085e00000|  0%| F|  |TAMS 0x0000000085d00000, 0x0000000085d00000| Untracked 
|  26|0x0000000085e00000, 0x0000000085e00000, 0x0000000085f00000|  0%| F|  |TAMS 0x0000000085e00000, 0x0000000085e00000| Untracked 
|  27|0x0000000085f00000, 0x0000000085f00000, 0x0000000086000000|  0%| F|  |TAMS 0x0000000085f00000, 0x0000000085f00000| Untracked 
|  28|0x0000000086000000, 0x0000000086000000, 0x0000000086100000|  0%| F|  |TAMS 0x0000000086000000, 0x0000000086000000| Untracked 
|  29|0x0000000086100000, 0x0000000086100000, 0x0000000086200000|  0%| F|  |TAMS 0x0000000086100000, 0x0000000086100000| Untracked 
|  30|0x0000000086200000, 0x0000000086200000, 0x0000000086300000|  0%| F|  |TAMS 0x0000000086200000, 0x0000000086200000| Untracked 
|  31|0x0000000086300000, 0x0000000086300000, 0x0000000086400000|  0%| F|  |TAMS 0x0000000086300000, 0x0000000086300000| Untracked 
|  32|0x0000000086400000, 0x0000000086400000, 0x0000000086500000|  0%| F|  |TAMS 0x0000000086400000, 0x0000000086400000| Untracked 
|  33|0x0000000086500000, 0x0000000086500000, 0x0000000086600000|  0%| F|  |TAMS 0x0000000086500000, 0x0000000086500000| Untracked 
|  34|0x0000000086600000, 0x0000000086600000, 0x0000000086700000|  0%| F|  |TAMS 0x0000000086600000, 0x0000000086600000| Untracked 
|  35|0x0000000086700000, 0x0000000086700000, 0x0000000086800000|  0%| F|  |TAMS 0x0000000086700000, 0x0000000086700000| Untracked 
|  36|0x0000000086800000, 0x0000000086800000, 0x0000000086900000|  0%| F|  |TAMS 0x0000000086800000, 0x0000000086800000| Untracked 
|  37|0x0000000086900000, 0x0000000086900000, 0x0000000086a00000|  0%| F|  |TAMS 0x0000000086900000, 0x0000000086900000| Untracked 
|  38|0x0000000086a00000, 0x0000000086a00000, 0x0000000086b00000|  0%| F|  |TAMS 0x0000000086a00000, 0x0000000086a00000| Untracked 
|  39|0x0000000086b00000, 0x0000000086b00000, 0x0000000086c00000|  0%| F|  |TAMS 0x0000000086b00000, 0x0000000086b00000| Untracked 
|  40|0x0000000086c00000, 0x0000000086c00000, 0x0000000086d00000|  0%| F|  |TAMS 0x0000000086c00000, 0x0000000086c00000| Untracked 
|  41|0x0000000086d00000, 0x0000000086d00000, 0x0000000086e00000|  0%| F|  |TAMS 0x0000000086d00000, 0x0000000086d00000| Untracked 
|  42|0x0000000086e00000, 0x0000000086e00000, 0x0000000086f00000|  0%| F|  |TAMS 0x0000000086e00000, 0x0000000086e00000| Untracked 
|  43|0x0000000086f00000, 0x0000000086f00000, 0x0000000087000000|  0%| F|  |TAMS 0x0000000086f00000, 0x0000000086f00000| Untracked 
|  44|0x0000000087000000, 0x0000000087000000, 0x0000000087100000|  0%| F|  |TAMS 0x0000000087000000, 0x0000000087000000| Untracked 
|  45|0x0000000087100000, 0x0000000087100000, 0x0000000087200000|  0%| F|  |TAMS 0x0000000087100000, 0x0000000087100000| Untracked 
|  46|0x0000000087200000, 0x0000000087200000, 0x0000000087300000|  0%| F|  |TAMS 0x0000000087200000, 0x0000000087200000| Untracked 
|  47|0x0000000087300000, 0x0000000087300000, 0x0000000087400000|  0%| F|  |TAMS 0x0000000087300000, 0x0000000087300000| Untracked 
|  48|0x0000000087400000, 0x0000000087400000, 0x0000000087500000|  0%| F|  |TAMS 0x0000000087400000, 0x0000000087400000| Untracked 
|  49|0x0000000087500000, 0x0000000087500000, 0x0000000087600000|  0%| F|  |TAMS 0x0000000087500000, 0x0000000087500000| Untracked 
|  50|0x0000000087600000, 0x0000000087600000, 0x0000000087700000|  0%| F|  |TAMS 0x0000000087600000, 0x0000000087600000| Untracked 
|  51|0x0000000087700000, 0x0000000087700000, 0x0000000087800000|  0%| F|  |TAMS 0x0000000087700000, 0x0000000087700000| Untracked 
|  52|0x0000000087800000, 0x0000000087800000, 0x0000000087900000|  0%| F|  |TAMS 0x0000000087800000, 0x0000000087800000| Untracked 
|  53|0x0000000087900000, 0x0000000087900000, 0x0000000087a00000|  0%| F|  |TAMS 0x0000000087900000, 0x0000000087900000| Untracked 
|  54|0x0000000087a00000, 0x0000000087a00000, 0x0000000087b00000|  0%| F|  |TAMS 0x0000000087a00000, 0x0000000087a00000| Untracked 
|  55|0x0000000087b00000, 0x0000000087b00000, 0x0000000087c00000|  0%| F|  |TAMS 0x0000000087b00000, 0x0000000087b00000| Untracked 
|  56|0x0000000087c00000, 0x0000000087c00000, 0x0000000087d00000|  0%| F|  |TAMS 0x0000000087c00000, 0x0000000087c00000| Untracked 
|  57|0x0000000087d00000, 0x0000000087d00000, 0x0000000087e00000|  0%| F|  |TAMS 0x0000000087d00000, 0x0000000087d00000| Untracked 
|  58|0x0000000087e00000, 0x0000000087e00000, 0x0000000087f00000|  0%| F|  |TAMS 0x0000000087e00000, 0x0000000087e00000| Untracked 
|  59|0x0000000087f00000, 0x0000000087f00000, 0x0000000088000000|  0%| F|  |TAMS 0x0000000087f00000, 0x0000000087f00000| Untracked 
|  60|0x0000000088000000, 0x0000000088000000, 0x0000000088100000|  0%| F|  |TAMS 0x0000000088000000, 0x0000000088000000| Untracked 
|  61|0x0000000088100000, 0x0000000088100000, 0x0000000088200000|  0%| F|  |TAMS 0x0000000088100000, 0x0000000088100000| Untracked 
|  62|0x0000000088200000, 0x0000000088200000, 0x0000000088300000|  0%| F|  |TAMS 0x0000000088200000, 0x0000000088200000| Untracked 
|  63|0x0000000088300000, 0x0000000088300000, 0x0000000088400000|  0%| F|  |TAMS 0x0000000088300000, 0x0000000088300000| Untracked 
|  64|0x0000000088400000, 0x0000000088400000, 0x0000000088500000|  0%| F|  |TAMS 0x0000000088400000, 0x0000000088400000| Untracked 
|  65|0x0000000088500000, 0x0000000088500000, 0x0000000088600000|  0%| F|  |TAMS 0x0000000088500000, 0x0000000088500000| Untracked 
|  66|0x0000000088600000, 0x0000000088600000, 0x0000000088700000|  0%| F|  |TAMS 0x0000000088600000, 0x0000000088600000| Untracked 
|  67|0x0000000088700000, 0x0000000088700000, 0x0000000088800000|  0%| F|  |TAMS 0x0000000088700000, 0x0000000088700000| Untracked 
|  68|0x0000000088800000, 0x0000000088800000, 0x0000000088900000|  0%| F|  |TAMS 0x0000000088800000, 0x0000000088800000| Untracked 
|  69|0x0000000088900000, 0x0000000088900000, 0x0000000088a00000|  0%| F|  |TAMS 0x0000000088900000, 0x0000000088900000| Untracked 
|  70|0x0000000088a00000, 0x0000000088a00000, 0x0000000088b00000|  0%| F|  |TAMS 0x0000000088a00000, 0x0000000088a00000| Untracked 
|  71|0x0000000088b00000, 0x0000000088b00000, 0x0000000088c00000|  0%| F|  |TAMS 0x0000000088b00000, 0x0000000088b00000| Untracked 
|  72|0x0000000088c00000, 0x0000000088c00000, 0x0000000088d00000|  0%| F|  |TAMS 0x0000000088c00000, 0x0000000088c00000| Untracked 
|  73|0x0000000088d00000, 0x0000000088d00000, 0x0000000088e00000|  0%| F|  |TAMS 0x0000000088d00000, 0x0000000088d00000| Untracked 
|  74|0x0000000088e00000, 0x0000000088e00000, 0x0000000088f00000|  0%| F|  |TAMS 0x0000000088e00000, 0x0000000088e00000| Untracked 
|  75|0x0000000088f00000, 0x0000000088f00000, 0x0000000089000000|  0%| F|  |TAMS 0x0000000088f00000, 0x0000000088f00000| Untracked 
|  76|0x0000000089000000, 0x0000000089000000, 0x0000000089100000|  0%| F|  |TAMS 0x0000000089000000, 0x0000000089000000| Untracked 
|  77|0x0000000089100000, 0x0000000089100000, 0x0000000089200000|  0%| F|  |TAMS 0x0000000089100000, 0x0000000089100000| Untracked 
|  78|0x0000000089200000, 0x0000000089200000, 0x0000000089300000|  0%| F|  |TAMS 0x0000000089200000, 0x0000000089200000| Untracked 
|  79|0x0000000089300000, 0x0000000089300000, 0x0000000089400000|  0%| F|  |TAMS 0x0000000089300000, 0x0000000089300000| Untracked 
|  80|0x0000000089400000, 0x0000000089400000, 0x0000000089500000|  0%| F|  |TAMS 0x0000000089400000, 0x0000000089400000| Untracked 
|  81|0x0000000089500000, 0x0000000089500000, 0x0000000089600000|  0%| F|  |TAMS 0x0000000089500000, 0x0000000089500000| Untracked 
|  82|0x0000000089600000, 0x0000000089600000, 0x0000000089700000|  0%| F|  |TAMS 0x0000000089600000, 0x0000000089600000| Untracked 
|  83|0x0000000089700000, 0x0000000089700000, 0x0000000089800000|  0%| F|  |TAMS 0x0000000089700000, 0x0000000089700000| Untracked 
|  84|0x0000000089800000, 0x0000000089800000, 0x0000000089900000|  0%| F|  |TAMS 0x0000000089800000, 0x0000000089800000| Untracked 
|  85|0x0000000089900000, 0x0000000089900000, 0x0000000089a00000|  0%| F|  |TAMS 0x0000000089900000, 0x0000000089900000| Untracked 
|  86|0x0000000089a00000, 0x0000000089a00000, 0x0000000089b00000|  0%| F|  |TAMS 0x0000000089a00000, 0x0000000089a00000| Untracked 
|  87|0x0000000089b00000, 0x0000000089b00000, 0x0000000089c00000|  0%| F|  |TAMS 0x0000000089b00000, 0x0000000089b00000| Untracked 
|  88|0x0000000089c00000, 0x0000000089c00000, 0x0000000089d00000|  0%| F|  |TAMS 0x0000000089c00000, 0x0000000089c00000| Untracked 
|  89|0x0000000089d00000, 0x0000000089d00000, 0x0000000089e00000|  0%| F|  |TAMS 0x0000000089d00000, 0x0000000089d00000| Untracked 
|  90|0x0000000089e00000, 0x0000000089e00000, 0x0000000089f00000|  0%| F|  |TAMS 0x0000000089e00000, 0x0000000089e00000| Untracked 
|  91|0x0000000089f00000, 0x0000000089f00000, 0x000000008a000000|  0%| F|  |TAMS 0x0000000089f00000, 0x0000000089f00000| Untracked 
|  92|0x000000008a000000, 0x000000008a000000, 0x000000008a100000|  0%| F|  |TAMS 0x000000008a000000, 0x000000008a000000| Untracked 
|  93|0x000000008a100000, 0x000000008a100000, 0x000000008a200000|  0%| F|  |TAMS 0x000000008a100000, 0x000000008a100000| Untracked 
|  94|0x000000008a200000, 0x000000008a200000, 0x000000008a300000|  0%| F|  |TAMS 0x000000008a200000, 0x000000008a200000| Untracked 
|  95|0x000000008a300000, 0x000000008a300000, 0x000000008a400000|  0%| F|  |TAMS 0x000000008a300000, 0x000000008a300000| Untracked 
|  96|0x000000008a400000, 0x000000008a400000, 0x000000008a500000|  0%| F|  |TAMS 0x000000008a400000, 0x000000008a400000| Untracked 
|  97|0x000000008a500000, 0x000000008a500000, 0x000000008a600000|  0%| F|  |TAMS 0x000000008a500000, 0x000000008a500000| Untracked 
|  98|0x000000008a600000, 0x000000008a600000, 0x000000008a700000|  0%| F|  |TAMS 0x000000008a600000, 0x000000008a600000| Untracked 
|  99|0x000000008a700000, 0x000000008a700000, 0x000000008a800000|  0%| F|  |TAMS 0x000000008a700000, 0x000000008a700000| Untracked 
| 100|0x000000008a800000, 0x000000008a800000, 0x000000008a900000|  0%| F|  |TAMS 0x000000008a800000, 0x000000008a800000| Untracked 
| 101|0x000000008a900000, 0x000000008a900000, 0x000000008aa00000|  0%| F|  |TAMS 0x000000008a900000, 0x000000008a900000| Untracked 
| 102|0x000000008aa00000, 0x000000008aa00000, 0x000000008ab00000|  0%| F|  |TAMS 0x000000008aa00000, 0x000000008aa00000| Untracked 
| 103|0x000000008ab00000, 0x000000008ab00000, 0x000000008ac00000|  0%| F|  |TAMS 0x000000008ab00000, 0x000000008ab00000| Untracked 
| 104|0x000000008ac00000, 0x000000008ac00000, 0x000000008ad00000|  0%| F|  |TAMS 0x000000008ac00000, 0x000000008ac00000| Untracked 
| 105|0x000000008ad00000, 0x000000008ad00000, 0x000000008ae00000|  0%| F|  |TAMS 0x000000008ad00000, 0x000000008ad00000| Untracked 
| 106|0x000000008ae00000, 0x000000008ae00000, 0x000000008af00000|  0%| F|  |TAMS 0x000000008ae00000, 0x000000008ae00000| Untracked 
| 107|0x000000008af00000, 0x000000008af00000, 0x000000008b000000|  0%| F|  |TAMS 0x000000008af00000, 0x000000008af00000| Untracked 
| 108|0x000000008b000000, 0x000000008b000000, 0x000000008b100000|  0%| F|  |TAMS 0x000000008b000000, 0x000000008b000000| Untracked 
| 109|0x000000008b100000, 0x000000008b100000, 0x000000008b200000|  0%| F|  |TAMS 0x000000008b100000, 0x000000008b100000| Untracked 
| 110|0x000000008b200000, 0x000000008b200000, 0x000000008b300000|  0%| F|  |TAMS 0x000000008b200000, 0x000000008b200000| Untracked 
| 111|0x000000008b300000, 0x000000008b300000, 0x000000008b400000|  0%| F|  |TAMS 0x000000008b300000, 0x000000008b300000| Untracked 
| 112|0x000000008b400000, 0x000000008b400000, 0x000000008b500000|  0%| F|  |TAMS 0x000000008b400000, 0x000000008b400000| Untracked 
| 113|0x000000008b500000, 0x000000008b5f25a0, 0x000000008b600000| 94%| E|  |TAMS 0x000000008b500000, 0x000000008b500000| Complete 
| 114|0x000000008b600000, 0x000000008b700000, 0x000000008b700000|100%| E|CS|TAMS 0x000000008b600000, 0x000000008b600000| Complete 
| 115|0x000000008b700000, 0x000000008b800000, 0x000000008b800000|100%| E|CS|TAMS 0x000000008b700000, 0x000000008b700000| Complete 
| 116|0x000000008b800000, 0x000000008b900000, 0x000000008b900000|100%| E|CS|TAMS 0x000000008b800000, 0x000000008b800000| Complete 
| 117|0x000000008b900000, 0x000000008ba00000, 0x000000008ba00000|100%| E|CS|TAMS 0x000000008b900000, 0x000000008b900000| Complete 
| 118|0x000000008ba00000, 0x000000008baffe38, 0x000000008bb00000| 99%| E|  |TAMS 0x000000008ba00000, 0x000000008ba00000| Complete 
| 119|0x000000008bb00000, 0x000000008bc00000, 0x000000008bc00000|100%| E|CS|TAMS 0x000000008bb00000, 0x000000008bb00000| Complete 
| 120|0x000000008bc00000, 0x000000008bd00000, 0x000000008bd00000|100%| E|CS|TAMS 0x000000008bc00000, 0x000000008bc00000| Complete 
| 121|0x000000008bd00000, 0x000000008be00000, 0x000000008be00000|100%| E|CS|TAMS 0x000000008bd00000, 0x000000008bd00000| Complete 
| 122|0x000000008be00000, 0x000000008bf00000, 0x000000008bf00000|100%| E|CS|TAMS 0x000000008be00000, 0x000000008be00000| Complete 
| 123|0x000000008bf00000, 0x000000008c000000, 0x000000008c000000|100%| E|CS|TAMS 0x000000008bf00000, 0x000000008bf00000| Complete 

Card table byte_map: [0x00000238c60a0000,0x00000238c6480000] _byte_map_base: 0x00000238c5c7e000

Marking Bits (Prev, Next): (CMBitMap*) 0x00000238aef12420, (CMBitMap*) 0x00000238aef12460
 Prev Bits: [0x00000238c6860000, 0x00000238c8750000)
 Next Bits: [0x00000238c8750000, 0x00000238ca640000)

Polling page: 0x00000238ace40000

Metaspace:

Usage:
  Non-class:      3.27 MB used.
      Class:    245.35 KB used.
       Both:      3.51 MB used.

Virtual space:
  Non-class space:       64.00 MB reserved,       3.31 MB (  5%) committed,  1 nodes.
      Class space:        1.00 GB reserved,     320.00 KB ( <1%) committed,  1 nodes.
             Both:        1.06 GB reserved,       3.62 MB ( <1%) committed. 

Chunk freelists:
   Non-Class:  9.62 MB
       Class:  15.58 MB
        Both:  25.20 MB

MaxMetaspaceSize: unlimited
CompressedClassSpaceSize: 1.00 GB
Initial GC threshold: 21.00 MB
Current GC threshold: 21.00 MB
CDS: on
MetaspaceReclaimPolicy: balanced
 - commit_granule_bytes: 65536.
 - commit_granule_words: 8192.
 - virtual_space_node_default_size: 8388608.
 - enlarge_chunks_in_place: 1.
 - new_chunks_are_fully_committed: 0.
 - uncommit_free_chunks: 1.
 - use_allocation_guard: 0.
 - handle_deallocations: 1.


Internal statistics:

num_allocs_failed_limit: 0.
num_arena_births: 8.
num_arena_deaths: 0.
num_vsnodes_births: 2.
num_vsnodes_deaths: 0.
num_space_committed: 58.
num_space_uncommitted: 0.
num_chunks_returned_to_freelist: 0.
num_chunks_taken_from_freelist: 110.
num_chunk_merges: 0.
num_chunk_splits: 86.
num_chunks_enlarged: 79.
num_inconsistent_stats: 0.

CodeHeap 'non-profiled nmethods': size=120000Kb used=133Kb max_used=133Kb free=119867Kb
 bounds [0x00000238be240000, 0x00000238be4b0000, 0x00000238c5770000]
CodeHeap 'profiled nmethods': size=120000Kb used=742Kb max_used=742Kb free=119257Kb
 bounds [0x00000238b6770000, 0x00000238b69e0000, 0x00000238bdca0000]
CodeHeap 'non-nmethods': size=5760Kb used=1127Kb max_used=1141Kb free=4632Kb
 bounds [0x00000238bdca0000, 0x00000238bdf10000, 0x00000238be240000]
 total_blobs=889 nmethods=480 adapters=322
 compilation: enabled
              stopped_count=0, restarted_count=0
 full_count=0

Compilation events (20 events):
Event: 1.472 Thread 0x00000238cd27da70 nmethod 466 0x00000238b681fa10 code [0x00000238b681fba0, 0x00000238b681fd98]
Event: 1.494 Thread 0x00000238cd27da70  467       3       java.util.zip.ZipFile::getZipEntry (322 bytes)
Event: 1.500 Thread 0x00000238cd27da70 nmethod 467 0x00000238b681fe90 code [0x00000238b6820300, 0x00000238b6822998]
Event: 1.500 Thread 0x00000238cd27da70  469   !   3       java.lang.ClassLoader::addClass (27 bytes)
Event: 1.502 Thread 0x00000238cd27da70 nmethod 469 0x00000238b6823810 code [0x00000238b68239e0, 0x00000238b6823fa8]
Event: 1.502 Thread 0x00000238cd27da70  470       3       java.net.URL::<init> (8 bytes)
Event: 1.503 Thread 0x00000238cd27da70 nmethod 470 0x00000238b6824310 code [0x00000238b68244c0, 0x00000238b6824608]
Event: 1.503 Thread 0x00000238cd27da70  471       3       sun.net.www.protocol.jar.Handler::parseURL (173 bytes)
Event: 1.505 Thread 0x00000238cd27da70 nmethod 471 0x00000238b6824690 code [0x00000238b6824940, 0x00000238b68254f8]
Event: 1.506 Thread 0x00000238cd27da70  472       3       jdk.internal.loader.URLClassPath$JarLoader$2::getBytes (48 bytes)
Event: 1.507 Thread 0x00000238cd27da70 nmethod 472 0x00000238b6825a10 code [0x00000238b6825c00, 0x00000238b6826268]
Event: 1.507 Thread 0x00000238cd27da70  473       3       java.util.zip.CRC32::<init> (5 bytes)
Event: 1.508 Thread 0x00000238cd27da70 nmethod 473 0x00000238b6826510 code [0x00000238b68266a0, 0x00000238b68267f8]
Event: 1.508 Thread 0x00000238cd27da70  474       3       java.lang.ClassLoader::getNamedPackage (73 bytes)
Event: 1.509 Thread 0x00000238cd27da70 nmethod 474 0x00000238b6826890 code [0x00000238b6826a80, 0x00000238b6826fe8]
Event: 1.514 Thread 0x00000238cd27da70  475       3       java.security.SecureClassLoader$CodeSourceKey::equals (60 bytes)
Event: 1.515 Thread 0x00000238cd27da70 nmethod 475 0x00000238b6827210 code [0x00000238b6827400, 0x00000238b6827a98]
Event: 1.515 Thread 0x00000238cd27da70  476       3       java.security.CodeSource::matchCerts (254 bytes)
Event: 1.517 Thread 0x00000238cd27da70 nmethod 476 0x00000238b6827c90 code [0x00000238b6827f00, 0x00000238b6828a98]
Event: 1.552 Thread 0x00000238cd27d0b0  477       4       java.lang.StringLatin1::replace (198 bytes)

GC Heap History (0 events):
No events

Deoptimization events (20 events):
Event: 0.365 Thread 0x00000238aeeb6440 DEOPT PACKING pc=0x00000238b678968c sp=0x0000009ca78fd660
Event: 0.365 Thread 0x00000238aeeb6440 DEOPT UNPACKING pc=0x00000238bdcf2b43 sp=0x0000009ca78fcaf0 mode 0
Event: 0.365 Thread 0x00000238aeeb6440 DEOPT PACKING pc=0x00000238b678968c sp=0x0000009ca78fd660
Event: 0.365 Thread 0x00000238aeeb6440 DEOPT UNPACKING pc=0x00000238bdcf2b43 sp=0x0000009ca78fcaf0 mode 0
Event: 0.365 Thread 0x00000238aeeb6440 DEOPT PACKING pc=0x00000238b678968c sp=0x0000009ca78fd660
Event: 0.365 Thread 0x00000238aeeb6440 DEOPT UNPACKING pc=0x00000238bdcf2b43 sp=0x0000009ca78fcaf0 mode 0
Event: 0.365 Thread 0x00000238aeeb6440 DEOPT PACKING pc=0x00000238b678968c sp=0x0000009ca78fd660
Event: 0.365 Thread 0x00000238aeeb6440 DEOPT UNPACKING pc=0x00000238bdcf2b43 sp=0x0000009ca78fcaf0 mode 0
Event: 0.365 Thread 0x00000238aeeb6440 DEOPT PACKING pc=0x00000238b678968c sp=0x0000009ca78fd660
Event: 0.365 Thread 0x00000238aeeb6440 DEOPT UNPACKING pc=0x00000238bdcf2b43 sp=0x0000009ca78fcaf0 mode 0
Event: 0.366 Thread 0x00000238aeeb6440 DEOPT PACKING pc=0x00000238b678968c sp=0x0000009ca78fd660
Event: 0.366 Thread 0x00000238aeeb6440 DEOPT UNPACKING pc=0x00000238bdcf2b43 sp=0x0000009ca78fcaf0 mode 0
Event: 0.529 Thread 0x00000238aeeb6440 Uncommon trap: trap_request=0xffffff45 fr.pc=0x00000238be2464f8 relative=0x0000000000000698
Event: 0.529 Thread 0x00000238aeeb6440 Uncommon trap: reason=unstable_if action=reinterpret pc=0x00000238be2464f8 method=java.util.zip.ZipFile$Source.checkAndAddEntry(II)I @ 50 c2
Event: 0.529 Thread 0x00000238aeeb6440 DEOPT PACKING pc=0x00000238be2464f8 sp=0x0000009ca78fe280
Event: 0.529 Thread 0x00000238aeeb6440 DEOPT UNPACKING pc=0x00000238bdcf23a3 sp=0x0000009ca78fe1f0 mode 2
Event: 0.761 Thread 0x00000238aeeb6440 DEOPT PACKING pc=0x00000238b6787d67 sp=0x0000009ca78f5c90
Event: 0.761 Thread 0x00000238aeeb6440 DEOPT UNPACKING pc=0x00000238bdcf2b43 sp=0x0000009ca78f50b0 mode 0
Event: 0.789 Thread 0x00000238aeeb6440 DEOPT PACKING pc=0x00000238b67870d1 sp=0x0000009ca78fe050
Event: 0.789 Thread 0x00000238aeeb6440 DEOPT UNPACKING pc=0x00000238bdcf2b43 sp=0x0000009ca78fd4c8 mode 0

Classes unloaded (0 events):
No events

Classes redefined (0 events):
No events

Internal exceptions (0 events):
No events

VM Operations (4 events):
Event: 0.381 Executing VM operation: HandshakeAllThreads
Event: 0.382 Executing VM operation: HandshakeAllThreads done
Event: 1.393 Executing VM operation: Cleanup
Event: 1.396 Executing VM operation: Cleanup done

Events (20 events):
Event: 1.299 loading class jdk/internal/reflect/Label
Event: 1.300 loading class jdk/internal/reflect/Label done
Event: 1.300 loading class jdk/internal/reflect/Label$PatchInfo
Event: 1.301 loading class jdk/internal/reflect/Label$PatchInfo done
Event: 1.301 loading class jdk/internal/reflect/MethodAccessorGenerator$1
Event: 1.301 loading class jdk/internal/reflect/MethodAccessorGenerator$1 done
Event: 1.301 loading class jdk/internal/reflect/ClassDefiner
Event: 1.301 loading class jdk/internal/reflect/ClassDefiner done
Event: 1.302 loading class jdk/internal/reflect/ClassDefiner$1
Event: 1.302 loading class jdk/internal/reflect/ClassDefiner$1 done
Event: 1.303 loading class jdk/internal/reflect/BootstrapConstructorAccessorImpl
Event: 1.304 loading class jdk/internal/reflect/BootstrapConstructorAccessorImpl done
Event: 1.360 loading class java/lang/InstantiationException
Event: 1.360 loading class java/lang/InstantiationException done
Event: 1.450 loading class java/util/regex/Pattern$BnM
Event: 1.451 loading class java/util/regex/Pattern$BnM done
Event: 1.478 loading class java/net/URLConnection
Event: 1.480 loading class java/net/URLConnection done
Event: 1.559 loading class java/lang/CloneNotSupportedException
Event: 1.561 loading class java/lang/CloneNotSupportedException done


Dynamic libraries:
0x00007ff77d030000 - 0x00007ff77d040000 	C:\Program Files\Java\jdk-17\bin\java.exe
0x00007ff99b710000 - 0x00007ff99b927000 	C:\Windows\SYSTEM32\ntdll.dll
0x00007ff999ee0000 - 0x00007ff999fa4000 	C:\Windows\System32\KERNEL32.DLL
0x00007ff998fd0000 - 0x00007ff9993a0000 	C:\Windows\System32\KERNELBASE.dll
0x00007ff998810000 - 0x00007ff998921000 	C:\Windows\System32\ucrtbase.dll
0x00007ff9847a0000 - 0x00007ff9847b9000 	C:\Program Files\Java\jdk-17\bin\jli.dll
0x00007ff999820000 - 0x00007ff9998d1000 	C:\Windows\System32\ADVAPI32.dll
0x00007ff999500000 - 0x00007ff9995a7000 	C:\Windows\System32\msvcrt.dll
0x00007ff999fb0000 - 0x00007ff99a058000 	C:\Windows\System32\sechost.dll
0x00007ff998b10000 - 0x00007ff998b38000 	C:\Windows\System32\bcrypt.dll
0x00007ff99b490000 - 0x00007ff99b5a8000 	C:\Windows\System32\RPCRT4.dll
0x00007ff99a0e0000 - 0x00007ff99a291000 	C:\Windows\System32\USER32.dll
0x00007ff998fa0000 - 0x00007ff998fc6000 	C:\Windows\System32\win32u.dll
0x00007ff99a2a0000 - 0x00007ff99a2c9000 	C:\Windows\System32\GDI32.dll
0x00007ff998b40000 - 0x00007ff998c63000 	C:\Windows\System32\gdi32full.dll
0x00007ff998a70000 - 0x00007ff998b0a000 	C:\Windows\System32\msvcp_win.dll
0x00007ff973dd0000 - 0x00007ff973deb000 	C:\Program Files\Java\jdk-17\bin\VCRUNTIME140.dll
0x00007ff981980000 - 0x00007ff981c1c000 	C:\Windows\WinSxS\amd64_microsoft.windows.common-controls_6595b64144ccf1df_6.0.22621.5840_none_2710ea077384a4fe\COMCTL32.dll
0x00007ff982320000 - 0x00007ff98232a000 	C:\Windows\SYSTEM32\VERSION.dll
0x00007ff99b0b0000 - 0x00007ff99b0e1000 	C:\Windows\System32\IMM32.DLL
0x00007ff9848f0000 - 0x00007ff9848fc000 	C:\Program Files\Java\jdk-17\bin\vcruntime140_1.dll
0x00007ff940e00000 - 0x00007ff940e8e000 	C:\Program Files\Java\jdk-17\bin\msvcp140.dll
0x00007ff8f58b0000 - 0x00007ff8f6490000 	C:\Program Files\Java\jdk-17\bin\server\jvm.dll
0x00007ff99b5b0000 - 0x00007ff99b5b8000 	C:\Windows\System32\PSAPI.DLL
0x00007ff978650000 - 0x00007ff978659000 	C:\Windows\SYSTEM32\WSOCK32.dll
0x00007ff999640000 - 0x00007ff9996b1000 	C:\Windows\System32\WS2_32.dll
0x00007ff98fdb0000 - 0x00007ff98fde4000 	C:\Windows\SYSTEM32\WINMM.dll
0x00007ff997870000 - 0x00007ff997888000 	C:\Windows\SYSTEM32\kernel.appcore.dll
0x00007ff96b120000 - 0x00007ff96b12a000 	C:\Program Files\Java\jdk-17\bin\jimage.dll
0x00007ff996230000 - 0x00007ff996463000 	C:\Windows\SYSTEM32\DBGHELP.DLL
0x00007ff99b0f0000 - 0x00007ff99b481000 	C:\Windows\System32\combase.dll
0x00007ff999d70000 - 0x00007ff999e48000 	C:\Windows\System32\OLEAUT32.dll
0x00007ff981e40000 - 0x00007ff981e72000 	C:\Windows\SYSTEM32\dbgcore.DLL
0x00007ff998930000 - 0x00007ff9989ab000 	C:\Windows\System32\bcryptPrimitives.dll
0x00007ff960890000 - 0x00007ff9608b5000 	C:\Program Files\Java\jdk-17\bin\java.dll
0x00007ff940c10000 - 0x00007ff940ce7000 	C:\Program Files\Java\jdk-17\bin\jsvml.dll
0x00007ff99a2d0000 - 0x00007ff99ab71000 	C:\Windows\System32\SHELL32.dll
0x00007ff998c70000 - 0x00007ff998daf000 	C:\Windows\System32\wintypes.dll
0x00007ff9966e0000 - 0x00007ff996ffa000 	C:\Windows\SYSTEM32\windows.storage.dll
0x00007ff9993a0000 - 0x00007ff9994aa000 	C:\Windows\System32\SHCORE.dll
0x00007ff99a060000 - 0x00007ff99a0c9000 	C:\Windows\System32\shlwapi.dll
0x00007ff998740000 - 0x00007ff998765000 	C:\Windows\SYSTEM32\profapi.dll
0x00007ff967780000 - 0x00007ff967799000 	C:\Program Files\Java\jdk-17\bin\net.dll
0x00007ff992cc0000 - 0x00007ff992dec000 	C:\Windows\SYSTEM32\WINHTTP.dll
0x00007ff997db0000 - 0x00007ff997e19000 	C:\Windows\system32\mswsock.dll
0x00007ff95f3d0000 - 0x00007ff95f3e6000 	C:\Program Files\Java\jdk-17\bin\nio.dll
0x00007ff96a7f0000 - 0x00007ff96a808000 	C:\Program Files\Java\jdk-17\bin\zip.dll

dbghelp: loaded successfully - version: 4.0.5 - missing functions: none
symbol engine: initialized successfully - sym options: 0x614 - pdb path: .;C:\Program Files\Java\jdk-17\bin;C:\Windows\SYSTEM32;C:\Windows\WinSxS\amd64_microsoft.windows.common-controls_6595b64144ccf1df_6.0.22621.5840_none_2710ea077384a4fe;C:\Program Files\Java\jdk-17\bin\server

VM Arguments:
java_command: org.jetbrains.kotlin.cli.jvm.K2JVMCompiler @D:\TempAppWorking\node_modules\@react-native\gradle-plugin\shared\build\20250929_16268629713405481074.compiler.options
java_class_path (initial): C:\Users\speed\.gradle\caches\modules-2\files-2.1\org.jetbrains.kotlin\kotlin-compiler-embeddable\2.0.21\79346ed53db48b18312a472602eb5c057070c54d\kotlin-compiler-embeddable-2.0.21.jar;C:\Users\speed\.gradle\caches\modules-2\files-2.1\org.jetbrains.kotlin\kotlin-stdlib\2.0.21\618b539767b4899b4660a83006e052b63f1db551\kotlin-stdlib-2.0.21.jar;C:\Users\speed\.gradle\caches\modules-2\files-2.1\org.jetbrains.kotlin\kotlin-script-runtime\2.0.21\c9b044380ad41f89aa89aa896c2d32a8c0b2129d\kotlin-script-runtime-2.0.21.jar;C:\Users\speed\.gradle\caches\modules-2\files-2.1\org.jetbrains.kotlin\kotlin-reflect\1.6.10\1cbe9c92c12a94eea200d23c2bbaedaf3daf5132\kotlin-reflect-1.6.10.jar;C:\Users\speed\.gradle\caches\modules-2\files-2.1\org.jetbrains.kotlin\kotlin-daemon-embeddable\2.0.21\c9e933b23287de9b5a17e2116b4657bb91aea72c\kotlin-daemon-embeddable-2.0.21.jar;C:\Users\speed\.gradle\caches\modules-2\files-2.1\org.jetbrains.intellij.deps\trove4j\1.0.20200330\3afb14d5f9ceb459d724e907a21145e8ff394f02\trove4j-1.0.20200330.jar;C:\Users\speed\.gradle\caches\modules-2\files-2.1\org.jetbrains.kotlinx\kotlinx-coroutines-core-jvm\1.6.4\2c997cd1c0ef33f3e751d3831929aeff1390cb30\kotlinx-coroutines-core-jvm-1.6.4.jar;C:\Users\speed\.gradle\caches\modules-2\files-2.1\org.jetbrains\annotations\13.0\919f0dfe192fb4e063e7dacadee7f8bb9a2672a9\annotations-13.0.jar
Launcher Type: SUN_STANDARD

[Global flags]
     intx CICompilerCount                          = 4                                         {product} {ergonomic}
     uint ConcGCThreads                            = 3                                         {product} {ergonomic}
     uint G1ConcRefinementThreads                  = 10                                        {product} {ergonomic}
   size_t G1HeapRegionSize                         = 1048576                                   {product} {ergonomic}
    uintx GCDrainStackTargetSize                   = 64                                        {product} {ergonomic}
   size_t InitialHeapSize                          = 130023424                                 {product} {ergonomic}
   size_t MarkStackSize                            = 4194304                                   {product} {ergonomic}
   size_t MaxHeapSize                              = 2076180480                                {product} {ergonomic}
   size_t MaxNewSize                               = 1245708288                                {product} {ergonomic}
   size_t MinHeapDeltaBytes                        = 1048576                                   {product} {ergonomic}
   size_t MinHeapSize                              = 8388608                                   {product} {ergonomic}
    uintx NonNMethodCodeHeapSize                   = 5839372                                {pd product} {ergonomic}
    uintx NonProfiledCodeHeapSize                  = 122909434                              {pd product} {ergonomic}
    uintx ProfiledCodeHeapSize                     = 122909434                              {pd product} {ergonomic}
    uintx ReservedCodeCacheSize                    = 251658240                              {pd product} {ergonomic}
     bool SegmentedCodeCache                       = true                                      {product} {ergonomic}
   size_t SoftMaxHeapSize                          = 2076180480                             {manageable} {ergonomic}
     bool UseCompressedClassPointers               = true                           {product lp64_product} {ergonomic}
     bool UseCompressedOops                        = true                           {product lp64_product} {ergonomic}
     bool UseG1GC                                  = true                                      {product} {ergonomic}
     bool UseLargePagesIndividualAllocation        = false                                  {pd product} {ergonomic}

Logging:
Log output configuration:
 #0: stdout all=warning uptime,level,tags
 #1: stderr all=off uptime,level,tags

Environment Variables:
JAVA_HOME=C:\Program Files\Java\jdk-17
PATH=C:\Program Files\Common Files\Oracle\Java\javapath;C:\Windows\system32;C:\Windows;C:\Program Files\PostgreSQL\17\bin;C:\Windows\System32\Wbem;C:\Windows\System32\WindowsPowerShell\v1.0\;C:\Windows\System32\OpenSSH\;C:\python;C:\xampp\php;C:\ProgramData\ComposerSetup\bin;C:\Program Files\Microsoft SQL Server\130\Tools\Binn\;C:\Users\speed\AppData\Roaming\nvm;C:\Program Files\nodejs;C:\Program Files\Git\cmd;C:\Program Files\dotnet\;C:\Program Files\nodejs\;C:\Program Files\PuTTY\;C:\Program Files\Tesseract-OCR;C:\Program Files\Java\jdk-17\bin;C:\Program Files\cursor\resources\app\bin;C:\python\Scripts\;C:\python\;C:\Users\speed\AppData\Local\Programs\Python\Python313\Scripts\;C:\Users\speed\AppData\Local\Programs\Python\Python313\;C:\Users\speed\AppData\Local\Programs\Python\Launcher\;C:\Users\speed\AppData\Local\Programs\Python\Python312\Scripts\;C:\Users\speed\AppData\Local\Programs\Python\Python312\;C:\Users\speed\AppData\Local\Microsoft\WindowsApps;C:\Users\speed\AppData\Local\Programs\Microsoft VS Code\bin;C:\Users\speed\AppData\Local\GitHubDesktop\bin;C:\Users\speed\AppData\Roaming\Composer\vendor\bin;C:\flutter\bin;C:\Users\speed\AppData\Local\Microsoft\WinGet\Packages\Schniz.fnm_Microsoft.Winget.Source_8wekyb3d8bbwe;C:\Users\speed\AppData\Local\Android\Sdk\platform-tools;C:\Users\speed\AppData\Local\Android\Sdk\tools;C:\Users\speed\AppData\Local\Android\Sdk\tools\bin;C:\Users\speed\AppData\Roaming\nvm;C:\Program Files\nodejs;C:\Users\speed\AppData\Roaming\npm;C:\Users\speed\AppData\Local\Google\Cloud SDK\google-cloud-sdk\bin;C:\Users\speed\AppData\Local\Android\Sdk\platform-tools;C:\Users\speed\AppData\Local\Android\Sdk\emulator;C:\Users\speed\AppData\Local\Android\Sdk\tools;C:\Users\speed\AppData\Local\Android\Sdk\tools\bin;C:\Users\speed\AppData\Roaming\npm;
USERNAME=Azhar's
OS=Windows_NT
PROCESSOR_IDENTIFIER=Intel64 Family 6 Model 154 Stepping 4, GenuineIntel



---------------  S Y S T E M  ---------------

OS:
 Windows 11 , 64 bit Build 22621 (10.0.22621.5415)
OS uptime: 4 days 18:57 hours

CPU: total 12 (initial active 12) (12 cores per cpu, 1 threads per core) family 6 model 154 stepping 4 microcode 0x424, cx8, cmov, fxsr, mmx, 3dnowpref, sse, sse2, sse3, ssse3, sse4.1, sse4.2, popcnt, lzcnt, tsc, tscinvbit, avx, avx2, aes, erms, clmul, bmi1, bmi2, adx, sha, fma, vzeroupper, clflush, clflushopt, clwb

Memory: 4k page, system-wide physical 7916M (493M free)
TotalPageFile size 19760M (AvailPageFile size 2M)
current process WorkingSet (physical memory assigned to process): 56M, peak: 56M
current process commit charge ("private bytes"): 216M, peak: 216M

vm_info: Java HotSpot(TM) 64-Bit Server VM (17.0.12+8-LTS-286) for windows-amd64 JRE (17.0.12+8-LTS-286), built on Jun  5 2024 06:46:59 by "mach5one" with MS VC++ 17.6 (VS2022)

END.
